Log file open, 07/17/20 11:30:10
LogInit: Display: Running engine for game: Snake2D
LogPlatformFile: Not using cached read wrapper
LogTaskGraph: Started task graph with 5 named threads and 23 total threads with 3 sets of task threads.
LogStats: Stats thread started at 0.163378
LogD3D11RHI: Loaded GFSDK_Aftermath_Lib.x64.dll
LogICUInternationalization: ICU TimeZone Detection - Raw Offset: +2:00, Platform Override: ''
LogPluginManager: Mounting plugin Paper2D
LogPluginManager: Mounting plugin AISupport
LogPluginManager: Mounting plugin LightPropagationVolume
LogPluginManager: Mounting plugin CameraShakePreviewer
LogPluginManager: Mounting plugin ActorLayerUtilities
LogPluginManager: Mounting plugin AnimationSharing
LogPluginManager: Mounting plugin CLionSourceCodeAccess
LogPluginManager: Mounting plugin CodeLiteSourceCodeAccess
LogPluginManager: Mounting plugin GitSourceControl
LogPluginManager: Mounting plugin KDevelopSourceCodeAccess
LogPluginManager: Mounting plugin NullSourceCodeAccess
LogPluginManager: Mounting plugin PerforceSourceControl
LogPluginManager: Mounting plugin PlasticSourceControl
LogPluginManager: Mounting plugin RiderSourceCodeAccess
LogPluginManager: Mounting plugin SubversionSourceControl
LogPluginManager: Mounting plugin UObjectPlugin
LogPluginManager: Mounting plugin VisualStudioCodeSourceCodeAccess
LogPluginManager: Mounting plugin VisualStudioSourceCodeAccess
LogPluginManager: Mounting plugin XCodeSourceCodeAccess
LogPluginManager: Mounting plugin AssetManagerEditor
LogPluginManager: Mounting plugin CryptoKeys
LogPluginManager: Mounting plugin CurveEditorTools
LogPluginManager: Mounting plugin DataValidation
LogPluginManager: Mounting plugin EditorScriptingUtilities
LogPluginManager: Mounting plugin FacialAnimation
LogPluginManager: Mounting plugin GameplayTagsEditor
LogPluginManager: Mounting plugin GeometryMode
LogPluginManager: Mounting plugin MacGraphicsSwitching
LogPluginManager: Mounting plugin MaterialAnalyzer
LogPluginManager: Mounting plugin MobileLauncherProfileWizard
LogPluginManager: Mounting plugin PluginBrowser
LogPluginManager: Mounting plugin SpeedTreeImporter
LogPluginManager: Mounting plugin DatasmithContent
LogPluginManager: Mounting plugin VariantManagerContent
LogPluginManager: Mounting plugin AlembicImporter
LogPluginManager: Mounting plugin AutomationUtils
LogPluginManager: Mounting plugin BackChannel
LogPluginManager: Mounting plugin ChaosCloth
LogPluginManager: Mounting plugin ChaosClothEditor
LogPluginManager: Mounting plugin ChaosEditor
LogPluginManager: Mounting plugin ChaosNiagara
LogPluginManager: Mounting plugin ChaosSolverPlugin
LogPluginManager: Mounting plugin CharacterAI
LogPluginManager: Mounting plugin GeometryCache
LogPluginManager: Mounting plugin GeometryCollectionPlugin
LogPluginManager: Mounting plugin GeometryProcessing
LogPluginManager: Mounting plugin PlanarCut
LogPluginManager: Mounting plugin PlatformCrypto
LogPluginManager: Mounting plugin ProxyLODPlugin
LogPluginManager: Mounting plugin SkeletalReduction
LogPluginManager: Mounting plugin Niagara
LogPluginManager: Mounting plugin MagicLeap
LogPluginManager: Mounting plugin MagicLeapLightEstimation
LogPluginManager: Mounting plugin MagicLeapMedia
LogPluginManager: Mounting plugin MagicLeapPassableWorld
LogPluginManager: Mounting plugin MLSDK
LogPluginManager: Mounting plugin AndroidMedia
LogPluginManager: Mounting plugin AvfMedia
LogPluginManager: Mounting plugin ImgMedia
LogPluginManager: Mounting plugin MediaCompositing
LogPluginManager: Mounting plugin MediaPlayerEditor
LogPluginManager: Mounting plugin WebMMedia
LogPluginManager: Mounting plugin WmfMedia
LogPluginManager: Mounting plugin MeshPainting
LogPluginManager: Mounting plugin TcpMessaging
LogPluginManager: Mounting plugin UdpMessaging
LogPluginManager: Mounting plugin ActorSequence
LogPluginManager: Mounting plugin LevelSequenceEditor
LogPluginManager: Mounting plugin MatineeToLevelSequence
LogPluginManager: Mounting plugin MovieRenderPipeline
LogPluginManager: Mounting plugin TemplateSequence
LogPluginManager: Mounting plugin NetcodeUnitTest
LogPluginManager: Mounting plugin NUTUnrealEngine4
LogPluginManager: Mounting plugin OnlineSubsystemGooglePlay
LogPluginManager: Mounting plugin OnlineSubsystemIOS
LogPluginManager: Mounting plugin OnlineSubsystem
LogPluginManager: Mounting plugin OnlineSubsystemNull
LogPluginManager: Mounting plugin OnlineSubsystemUtils
LogPluginManager: Mounting plugin LauncherChunkInstaller
LogPluginManager: Mounting plugin AndroidDeviceProfileSelector
LogPluginManager: Mounting plugin AndroidMoviePlayer
LogPluginManager: Mounting plugin AndroidPermission
LogPluginManager: Mounting plugin AppleImageUtils
LogPluginManager: Mounting plugin AppleMoviePlayer
LogPluginManager: Mounting plugin ArchVisCharacter
LogPluginManager: Mounting plugin AssetTags
LogPluginManager: Mounting plugin AudioCapture
LogPluginManager: Mounting plugin CableComponent
LogPluginManager: Mounting plugin CustomMeshComponent
LogPluginManager: Mounting plugin EditableMesh
LogPluginManager: Mounting plugin ExampleDeviceProfileSelector
LogPluginManager: Mounting plugin GoogleCloudMessaging
LogPluginManager: Mounting plugin GooglePAD
LogPluginManager: Mounting plugin IOSDeviceProfileSelector
LogPluginManager: Mounting plugin LinuxDeviceProfileSelector
LogPluginManager: Mounting plugin LocationServicesBPLibrary
LogPluginManager: Mounting plugin MobilePatchingUtils
LogPluginManager: Mounting plugin OculusVR
LogPluginManager: Mounting plugin PhysXVehicles
LogPluginManager: Mounting plugin PostSplashScreen
LogPluginManager: Mounting plugin ProceduralMeshComponent
LogPluginManager: Mounting plugin RuntimePhysXCooking
LogPluginManager: Mounting plugin SignificanceManager
LogPluginManager: Mounting plugin SoundFields
LogPluginManager: Mounting plugin SteamVR
LogPluginManager: Mounting plugin Synthesis
LogPluginManager: Mounting plugin WebMMoviePlayer
LogPluginManager: Mounting plugin WindowsMoviePlayer
LogPluginManager: Mounting plugin ScreenshotTools
LogInit: Using libcurl 7.55.1-DEV
LogInit:  - built for x86_64-pc-win32
LogInit:  - supports SSL with OpenSSL/1.1.1
LogInit:  - supports HTTP deflate (compression) using libz 1.2.8
LogInit:  - other features:
LogInit:      CURL_VERSION_SSL
LogInit:      CURL_VERSION_LIBZ
LogInit:      CURL_VERSION_IPV6
LogInit:      CURL_VERSION_ASYNCHDNS
LogInit:      CURL_VERSION_LARGEFILE
LogInit:      CURL_VERSION_IDN
LogInit:  CurlRequestOptions (configurable via config and command line):
LogInit:  - bVerifyPeer = true  - Libcurl will verify peer certificate
LogInit:  - bUseHttpProxy = false  - Libcurl will NOT use HTTP proxy
LogInit:  - bDontReuseConnections = false  - Libcurl will reuse connections
LogInit:  - MaxHostConnections = 16  - Libcurl will limit the number of connections to a host
LogInit:  - LocalHostAddr = Default
LogInit:  - BufferSize = 65536
LogOnline: OSS: Creating online subsystem instance for: NULL
LogInit: WinSock: version 1.1 (2.2), MaxSocks=32767, MaxUdp=65467
LogOnline: OSS: TryLoadSubsystemAndSetDefault: Loaded subsystem for module [NULL]
LogInit: Build: ++UE4+Release-4.25-CL-13144385
LogInit: Engine Version: 4.25.0-13144385+++UE4+Release-4.25
LogInit: Compatible Engine Version: 4.25.0-13144385+++UE4+Release-4.25
LogInit: Net CL: 13144385
LogInit: OS: Windows 10 (Release 2004) (), CPU:         Intel(R) Core(TM) i7-3770 CPU @ 3.40GHz, GPU: NVIDIA GeForce GT 610
LogInit: Compiled (64-bit): May  2 2020 02:12:11
LogInit: Compiled with Visual C++: 19.24.28315.00
LogInit: Build Configuration: Development
LogInit: Branch Name: ++UE4+Release-4.25
LogInit: Command Line: 
LogInit: Base Directory: C:/Program Files/Epic Games/UE_4.25/Engine/Binaries/Win64/
LogInit: Allocator: TBB
LogInit: Installed Engine Build: 1
LogDevObjectVersion: Number of dev versions registered: 26
LogDevObjectVersion:   Dev-Blueprints (B0D832E4-1F89-4F0D-ACCF-7EB736FD4AA2): 10
LogDevObjectVersion:   Dev-Build (E1C64328-A22C-4D53-A36C-8E866417BD8C): 0
LogDevObjectVersion:   Dev-Core (375EC13C-06E4-48FB-B500-84F0262A717E): 4
LogDevObjectVersion:   Dev-Editor (E4B068ED-F494-42E9-A231-DA0B2E46BB41): 38
LogDevObjectVersion:   Dev-Framework (CFFC743F-43B0-4480-9391-14DF171D2073): 37
LogDevObjectVersion:   Dev-Mobile (B02B49B5-BB20-44E9-A304-32B752E40360): 2
LogDevObjectVersion:   Dev-Networking (A4E4105C-59A1-49B5-A7C5-40C4547EDFEE): 0
LogDevObjectVersion:   Dev-Online (39C831C9-5AE6-47DC-9A44-9C173E1C8E7C): 0
LogDevObjectVersion:   Dev-Physics (78F01B33-EBEA-4F98-B9B4-84EACCB95AA2): 4
LogDevObjectVersion:   Dev-Platform (6631380F-2D4D-43E0-8009-CF276956A95A): 0
LogDevObjectVersion:   Dev-Rendering (12F88B9F-8875-4AFC-A67C-D90C383ABD29): 43
LogDevObjectVersion:   Dev-Sequencer (7B5AE74C-D270-4C10-A958-57980B212A5A): 12
LogDevObjectVersion:   Dev-VR (D7296918-1DD6-4BDD-9DE2-64A83CC13884): 3
LogDevObjectVersion:   Dev-LoadTimes (C2A15278-BFE7-4AFE-6C17-90FF531DF755): 1
LogDevObjectVersion:   Private-Geometry (6EACA3D4-40EC-4CC1-B786-8BED09428FC5): 3
LogDevObjectVersion:   Dev-AnimPhys (29E575DD-E0A3-4627-9D10-D276232CDCEA): 17
LogDevObjectVersion:   Dev-Anim (AF43A65D-7FD3-4947-9873-3E8ED9C1BB05): 7
LogDevObjectVersion:   Dev-ReflectionCapture (6B266CEC-1EC7-4B8F-A30B-E4D90942FC07): 1
LogDevObjectVersion:   Dev-Automation (0DF73D61-A23F-47EA-B727-89E90C41499A): 1
LogDevObjectVersion:   FortniteMain (601D1886-AC64-4F84-AA16-D3DE0DEAC7D6): 31
LogDevObjectVersion:   Dev-Enterprise (9DFFBCD6-494F-0158-E221-12823C92A888): 10
LogDevObjectVersion:   Dev-Niagara (F2AED0AC-9AFE-416F-8664-AA7FFA26D6FC): 1
LogDevObjectVersion:   Dev-Destruction (174F1F0B-B4C6-45A5-B13F-2EE8D0FB917D): 10
LogDevObjectVersion:   Dev-Physics-Ext (35F94A83-E258-406C-A318-09F59610247C): 37
LogDevObjectVersion:   Dev-PhysicsMaterial-Chaos (B68FC16E-8B1B-42E2-B453-215C058844FE): 1
LogDevObjectVersion:   Dev-CineCamera (B2E18506-4273-CFC2-A54E-F4BB758BBA07): 1
LogInit: Presizing for max 25165824 objects, including 0 objects not considered by GC, pre-allocating 0 bytes for permanent pool.
LogConfig: Applying CVar settings from Section [/Script/Engine.StreamingSettings] File [E:/AwesomeTuts/Unreal-Engine-Tutorial---Create-A-2D-Game-In-Unreal-Engine/Snake2D/Saved/Config/Windows/Engine.ini]
LogConfig: Setting CVar [[s.MinBulkDataSizeForAsyncLoading:131072]]
LogConfig: Setting CVar [[s.AsyncLoadingThreadEnabled:0]]
LogConfig: Setting CVar [[s.EventDrivenLoaderEnabled:1]]
LogConfig: Setting CVar [[s.WarnIfTimeLimitExceeded:0]]
LogConfig: Setting CVar [[s.TimeLimitExceededMultiplier:1.5]]
LogConfig: Setting CVar [[s.TimeLimitExceededMinTime:0.005]]
LogConfig: Setting CVar [[s.UseBackgroundLevelStreaming:1]]
LogConfig: Setting CVar [[s.PriorityAsyncLoadingExtraTime:15.0]]
LogConfig: Setting CVar [[s.LevelStreamingActorsUpdateTimeLimit:5.0]]
LogConfig: Setting CVar [[s.PriorityLevelStreamingActorsUpdateExtraTime:5.0]]
LogConfig: Setting CVar [[s.LevelStreamingComponentsRegistrationGranularity:10]]
LogConfig: Setting CVar [[s.UnregisterComponentsTimeLimit:1.0]]
LogConfig: Setting CVar [[s.LevelStreamingComponentsUnregistrationGranularity:5]]
LogConfig: Setting CVar [[s.FlushStreamingOnExit:1]]
LogInit: Object subsystem initialized
LogConfig: Setting CVar [[con.DebugEarlyDefault:1]]
LogConfig: Setting CVar [[r.setres:1280x720]]
[2020.07.17-08.30.11:268][  0]LogConfig: Setting CVar [[r.VSync:0]]
[2020.07.17-08.30.11:268][  0]LogConfig: Setting CVar [[r.RHICmdBypass:0]]
[2020.07.17-08.30.11:268][  0]LogConfig: Applying CVar settings from Section [/Script/Engine.RendererSettings] File [E:/AwesomeTuts/Unreal-Engine-Tutorial---Create-A-2D-Game-In-Unreal-Engine/Snake2D/Saved/Config/Windows/Engine.ini]
[2020.07.17-08.30.11:268][  0]LogConfig: Setting CVar [[r.GPUCrashDebugging:0]]
[2020.07.17-08.30.11:268][  0]LogConfig: Applying CVar settings from Section [/Script/Engine.RendererOverrideSettings] File [E:/AwesomeTuts/Unreal-Engine-Tutorial---Create-A-2D-Game-In-Unreal-Engine/Snake2D/Saved/Config/Windows/Engine.ini]
[2020.07.17-08.30.11:268][  0]LogConfig: Applying CVar settings from Section [/Script/Engine.StreamingSettings] File [E:/AwesomeTuts/Unreal-Engine-Tutorial---Create-A-2D-Game-In-Unreal-Engine/Snake2D/Saved/Config/Windows/Engine.ini]
[2020.07.17-08.30.11:268][  0]LogConfig: Setting CVar [[s.MinBulkDataSizeForAsyncLoading:131072]]
[2020.07.17-08.30.11:268][  0]LogConfig: Setting CVar [[s.AsyncLoadingThreadEnabled:0]]
[2020.07.17-08.30.11:268][  0]LogConfig: Setting CVar [[s.EventDrivenLoaderEnabled:1]]
[2020.07.17-08.30.11:268][  0]LogConfig: Setting CVar [[s.WarnIfTimeLimitExceeded:0]]
[2020.07.17-08.30.11:268][  0]LogConfig: Setting CVar [[s.TimeLimitExceededMultiplier:1.5]]
[2020.07.17-08.30.11:268][  0]LogConfig: Setting CVar [[s.TimeLimitExceededMinTime:0.005]]
[2020.07.17-08.30.11:268][  0]LogConfig: Setting CVar [[s.UseBackgroundLevelStreaming:1]]
[2020.07.17-08.30.11:268][  0]LogConfig: Setting CVar [[s.PriorityAsyncLoadingExtraTime:15.0]]
[2020.07.17-08.30.11:268][  0]LogConfig: Setting CVar [[s.LevelStreamingActorsUpdateTimeLimit:5.0]]
[2020.07.17-08.30.11:268][  0]LogConfig: Setting CVar [[s.PriorityLevelStreamingActorsUpdateExtraTime:5.0]]
[2020.07.17-08.30.11:268][  0]LogConfig: Setting CVar [[s.LevelStreamingComponentsRegistrationGranularity:10]]
[2020.07.17-08.30.11:268][  0]LogConfig: Setting CVar [[s.UnregisterComponentsTimeLimit:1.0]]
[2020.07.17-08.30.11:268][  0]LogConfig: Setting CVar [[s.LevelStreamingComponentsUnregistrationGranularity:5]]
[2020.07.17-08.30.11:268][  0]LogConfig: Setting CVar [[s.FlushStreamingOnExit:1]]
[2020.07.17-08.30.11:268][  0]LogConfig: Applying CVar settings from Section [/Script/Engine.GarbageCollectionSettings] File [E:/AwesomeTuts/Unreal-Engine-Tutorial---Create-A-2D-Game-In-Unreal-Engine/Snake2D/Saved/Config/Windows/Engine.ini]
[2020.07.17-08.30.11:268][  0]LogConfig: Setting CVar [[gc.MaxObjectsNotConsideredByGC:1]]
[2020.07.17-08.30.11:268][  0]LogConfig: Setting CVar [[gc.SizeOfPermanentObjectPool:0]]
[2020.07.17-08.30.11:268][  0]LogConfig: Setting CVar [[gc.FlushStreamingOnGC:0]]
[2020.07.17-08.30.11:268][  0]LogConfig: Setting CVar [[gc.NumRetriesBeforeForcingGC:10]]
[2020.07.17-08.30.11:268][  0]LogConfig: Setting CVar [[gc.AllowParallelGC:1]]
[2020.07.17-08.30.11:268][  0]LogConfig: Setting CVar [[gc.TimeBetweenPurgingPendingKillObjects:61.1]]
[2020.07.17-08.30.11:268][  0]LogConfig: Setting CVar [[gc.MaxObjectsInEditor:25165824]]
[2020.07.17-08.30.11:268][  0]LogConfig: Setting CVar [[gc.IncrementalBeginDestroyEnabled:1]]
[2020.07.17-08.30.11:268][  0]LogConfig: Setting CVar [[gc.CreateGCClusters:1]]
[2020.07.17-08.30.11:268][  0]LogConfig: Setting CVar [[gc.MinGCClusterSize:5]]
[2020.07.17-08.30.11:268][  0]LogConfig: Setting CVar [[gc.ActorClusteringEnabled:0]]
[2020.07.17-08.30.11:268][  0]LogConfig: Setting CVar [[gc.BlueprintClusteringEnabled:0]]
[2020.07.17-08.30.11:268][  0]LogConfig: Setting CVar [[gc.UseDisregardForGCOnDedicatedServers:0]]
[2020.07.17-08.30.11:268][  0]LogConfig: Applying CVar settings from Section [/Script/Engine.NetworkSettings] File [E:/AwesomeTuts/Unreal-Engine-Tutorial---Create-A-2D-Game-In-Unreal-Engine/Snake2D/Saved/Config/Windows/Engine.ini]
[2020.07.17-08.30.11:268][  0]LogConfig: Applying CVar settings from Section [/Script/UnrealEd.CookerSettings] File [E:/AwesomeTuts/Unreal-Engine-Tutorial---Create-A-2D-Game-In-Unreal-Engine/Snake2D/Saved/Config/Windows/Engine.ini]
[2020.07.17-08.30.11:273][  0]LogConfig: Applying CVar settings from Section [ViewDistanceQuality@3] File [E:/AwesomeTuts/Unreal-Engine-Tutorial---Create-A-2D-Game-In-Unreal-Engine/Snake2D/Saved/Config/Windows/Scalability.ini]
[2020.07.17-08.30.11:273][  0]LogConfig: Setting CVar [[r.SkeletalMeshLODBias:0]]
[2020.07.17-08.30.11:273][  0]LogConfig: Setting CVar [[r.ViewDistanceScale:1.0]]
[2020.07.17-08.30.11:273][  0]LogConfig: Applying CVar settings from Section [AntiAliasingQuality@3] File [E:/AwesomeTuts/Unreal-Engine-Tutorial---Create-A-2D-Game-In-Unreal-Engine/Snake2D/Saved/Config/Windows/Scalability.ini]
[2020.07.17-08.30.11:273][  0]LogConfig: Setting CVar [[r.PostProcessAAQuality:4]]
[2020.07.17-08.30.11:273][  0]LogConfig: Applying CVar settings from Section [ShadowQuality@3] File [E:/AwesomeTuts/Unreal-Engine-Tutorial---Create-A-2D-Game-In-Unreal-Engine/Snake2D/Saved/Config/Windows/Scalability.ini]
[2020.07.17-08.30.11:273][  0]LogConfig: Setting CVar [[r.LightFunctionQuality:1]]
[2020.07.17-08.30.11:273][  0]LogConfig: Setting CVar [[r.ShadowQuality:5]]
[2020.07.17-08.30.11:273][  0]LogConfig: Setting CVar [[r.Shadow.CSM.MaxCascades:10]]
[2020.07.17-08.30.11:273][  0]LogConfig: Setting CVar [[r.Shadow.MaxResolution:2048]]
[2020.07.17-08.30.11:273][  0]LogConfig: Setting CVar [[r.Shadow.MaxCSMResolution:2048]]
[2020.07.17-08.30.11:273][  0]LogConfig: Setting CVar [[r.Shadow.RadiusThreshold:0.01]]
[2020.07.17-08.30.11:273][  0]LogConfig: Setting CVar [[r.Shadow.DistanceScale:1.0]]
[2020.07.17-08.30.11:273][  0]LogConfig: Setting CVar [[r.Shadow.CSM.TransitionScale:1.0]]
[2020.07.17-08.30.11:273][  0]LogConfig: Setting CVar [[r.Shadow.PreShadowResolutionFactor:1.0]]
[2020.07.17-08.30.11:273][  0]LogConfig: Setting CVar [[r.DistanceFieldShadowing:1]]
[2020.07.17-08.30.11:273][  0]LogConfig: Setting CVar [[r.DistanceFieldAO:1]]
[2020.07.17-08.30.11:273][  0]LogConfig: Setting CVar [[r.AOQuality:2]]
[2020.07.17-08.30.11:273][  0]LogConfig: Setting CVar [[r.VolumetricFog:1]]
[2020.07.17-08.30.11:273][  0]LogConfig: Setting CVar [[r.VolumetricFog.GridPixelSize:8]]
[2020.07.17-08.30.11:273][  0]LogConfig: Setting CVar [[r.VolumetricFog.GridSizeZ:128]]
[2020.07.17-08.30.11:273][  0]LogConfig: Setting CVar [[r.VolumetricFog.HistoryMissSupersampleCount:4]]
[2020.07.17-08.30.11:273][  0]LogConfig: Setting CVar [[r.LightMaxDrawDistanceScale:1]]
[2020.07.17-08.30.11:273][  0]LogConfig: Setting CVar [[r.CapsuleShadows:1]]
[2020.07.17-08.30.11:273][  0]LogConfig: Applying CVar settings from Section [PostProcessQuality@3] File [E:/AwesomeTuts/Unreal-Engine-Tutorial---Create-A-2D-Game-In-Unreal-Engine/Snake2D/Saved/Config/Windows/Scalability.ini]
[2020.07.17-08.30.11:273][  0]LogConfig: Setting CVar [[r.MotionBlurQuality:4]]
[2020.07.17-08.30.11:273][  0]LogConfig: Setting CVar [[r.AmbientOcclusionMipLevelFactor:0.4]]
[2020.07.17-08.30.11:273][  0]LogConfig: Setting CVar [[r.AmbientOcclusionMaxQuality:100]]
[2020.07.17-08.30.11:273][  0]LogConfig: Setting CVar [[r.AmbientOcclusionLevels:-1]]
[2020.07.17-08.30.11:273][  0]LogConfig: Setting CVar [[r.AmbientOcclusionRadiusScale:1.0]]
[2020.07.17-08.30.11:273][  0]LogConfig: Setting CVar [[r.DepthOfFieldQuality:2]]
[2020.07.17-08.30.11:273][  0]LogConfig: Setting CVar [[r.RenderTargetPoolMin:400]]
[2020.07.17-08.30.11:273][  0]LogConfig: Setting CVar [[r.LensFlareQuality:2]]
[2020.07.17-08.30.11:273][  0]LogConfig: Setting CVar [[r.SceneColorFringeQuality:1]]
[2020.07.17-08.30.11:273][  0]LogConfig: Setting CVar [[r.EyeAdaptationQuality:2]]
[2020.07.17-08.30.11:273][  0]LogConfig: Setting CVar [[r.BloomQuality:5]]
[2020.07.17-08.30.11:273][  0]LogConfig: Setting CVar [[r.FastBlurThreshold:100]]
[2020.07.17-08.30.11:273][  0]LogConfig: Setting CVar [[r.Upscale.Quality:3]]
[2020.07.17-08.30.11:273][  0]LogConfig: Setting CVar [[r.Tonemapper.GrainQuantization:1]]
[2020.07.17-08.30.11:273][  0]LogConfig: Setting CVar [[r.LightShaftQuality:1]]
[2020.07.17-08.30.11:273][  0]LogConfig: Setting CVar [[r.Filter.SizeScale:1]]
[2020.07.17-08.30.11:273][  0]LogConfig: Setting CVar [[r.Tonemapper.Quality:5]]
[2020.07.17-08.30.11:273][  0]LogConfig: Setting CVar [[r.DOF.Gather.AccumulatorQuality:1        ; higher gathering accumulator quality]]
[2020.07.17-08.30.11:273][  0]LogConfig: Setting CVar [[r.DOF.Gather.PostfilterMethod:1          ; Median3x3 postfilering method]]
[2020.07.17-08.30.11:273][  0]LogConfig: Setting CVar [[r.DOF.Gather.EnableBokehSettings:0       ; no bokeh simulation when gathering]]
[2020.07.17-08.30.11:273][  0]LogConfig: Setting CVar [[r.DOF.Gather.RingCount:4                 ; medium number of samples when gathering]]
[2020.07.17-08.30.11:273][  0]LogConfig: Setting CVar [[r.DOF.Scatter.ForegroundCompositing:1    ; additive foreground scattering]]
[2020.07.17-08.30.11:273][  0]LogConfig: Setting CVar [[r.DOF.Scatter.BackgroundCompositing:2    ; additive background scattering]]
[2020.07.17-08.30.11:273][  0]LogConfig: Setting CVar [[r.DOF.Scatter.EnableBokehSettings:1      ; bokeh simulation when scattering]]
[2020.07.17-08.30.11:273][  0]LogConfig: Setting CVar [[r.DOF.Scatter.MaxSpriteRatio:0.1         ; only a maximum of 10% of scattered bokeh]]
[2020.07.17-08.30.11:273][  0]LogConfig: Setting CVar [[r.DOF.Recombine.Quality:1                ; cheap slight out of focus]]
[2020.07.17-08.30.11:273][  0]LogConfig: Setting CVar [[r.DOF.Recombine.EnableBokehSettings:0    ; no bokeh simulation on slight out of focus]]
[2020.07.17-08.30.11:273][  0]LogConfig: Setting CVar [[r.DOF.TemporalAAQuality:1                ; more stable temporal accumulation]]
[2020.07.17-08.30.11:273][  0]LogConfig: Setting CVar [[r.DOF.Kernel.MaxForegroundRadius:0.025]]
[2020.07.17-08.30.11:273][  0]LogConfig: Setting CVar [[r.DOF.Kernel.MaxBackgroundRadius:0.025]]
[2020.07.17-08.30.11:273][  0]LogConfig: Applying CVar settings from Section [TextureQuality@3] File [E:/AwesomeTuts/Unreal-Engine-Tutorial---Create-A-2D-Game-In-Unreal-Engine/Snake2D/Saved/Config/Windows/Scalability.ini]
[2020.07.17-08.30.11:273][  0]LogConfig: Setting CVar [[r.Streaming.MipBias:0]]
[2020.07.17-08.30.11:274][  0]LogConfig: Setting CVar [[r.Streaming.AmortizeCPUToGPUCopy:0]]
[2020.07.17-08.30.11:274][  0]LogConfig: Setting CVar [[r.Streaming.MaxNumTexturesToStreamPerFrame:0]]
[2020.07.17-08.30.11:274][  0]LogConfig: Setting CVar [[r.Streaming.Boost:1]]
[2020.07.17-08.30.11:274][  0]LogConfig: Setting CVar [[r.MaxAnisotropy:8]]
[2020.07.17-08.30.11:274][  0]LogConfig: Setting CVar [[r.VT.MaxAnisotropy:8]]
[2020.07.17-08.30.11:274][  0]LogConfig: Setting CVar [[r.Streaming.LimitPoolSizeToVRAM:0]]
[2020.07.17-08.30.11:274][  0]LogConfig: Setting CVar [[r.Streaming.PoolSize:1000]]
[2020.07.17-08.30.11:274][  0]LogConfig: Setting CVar [[r.Streaming.MaxEffectiveScreenSize:0]]
[2020.07.17-08.30.11:274][  0]LogConfig: Applying CVar settings from Section [EffectsQuality@3] File [E:/AwesomeTuts/Unreal-Engine-Tutorial---Create-A-2D-Game-In-Unreal-Engine/Snake2D/Saved/Config/Windows/Scalability.ini]
[2020.07.17-08.30.11:274][  0]LogConfig: Setting CVar [[r.TranslucencyLightingVolumeDim:64]]
[2020.07.17-08.30.11:274][  0]LogConfig: Setting CVar [[r.RefractionQuality:2]]
[2020.07.17-08.30.11:274][  0]LogConfig: Setting CVar [[r.SSR.Quality:3]]
[2020.07.17-08.30.11:274][  0]LogConfig: Setting CVar [[r.SSR.HalfResSceneColor:0]]
[2020.07.17-08.30.11:274][  0]LogConfig: Setting CVar [[r.SceneColorFormat:4]]
[2020.07.17-08.30.11:274][  0]LogConfig: Setting CVar [[r.DetailMode:2]]
[2020.07.17-08.30.11:274][  0]LogConfig: Setting CVar [[r.TranslucencyVolumeBlur:1]]
[2020.07.17-08.30.11:274][  0]LogConfig: Setting CVar [[r.MaterialQualityLevel:1 ; High quality]]
[2020.07.17-08.30.11:274][  0]LogConfig: Setting CVar [[r.SSS.Scale:1]]
[2020.07.17-08.30.11:274][  0]LogConfig: Setting CVar [[r.SSS.SampleSet:2]]
[2020.07.17-08.30.11:274][  0]LogConfig: Setting CVar [[r.SSS.Quality:1]]
[2020.07.17-08.30.11:274][  0]LogConfig: Setting CVar [[r.SSS.HalfRes:0]]
[2020.07.17-08.30.11:274][  0]LogConfig: Setting CVar [[r.SSGI.Quality:3]]
[2020.07.17-08.30.11:274][  0]LogConfig: Setting CVar [[r.EmitterSpawnRateScale:1.0]]
[2020.07.17-08.30.11:274][  0]LogConfig: Setting CVar [[r.ParticleLightQuality:2]]
[2020.07.17-08.30.11:274][  0]LogConfig: Setting CVar [[r.SkyAtmosphere.AerialPerspectiveLUT.FastApplyOnOpaque:1 ; Always have FastSkyLUT 1 in this case to avoid wrong sky]]
[2020.07.17-08.30.11:274][  0]LogConfig: Setting CVar [[r.SkyAtmosphere.AerialPerspectiveLUT.SampleCountPerSlice:1]]
[2020.07.17-08.30.11:274][  0]LogConfig: Setting CVar [[r.SkyAtmosphere.AerialPerspectiveLUT.DepthResolution:16.0]]
[2020.07.17-08.30.11:274][  0]LogConfig: Setting CVar [[r.SkyAtmosphere.FastSkyLUT:1]]
[2020.07.17-08.30.11:274][  0]LogConfig: Setting CVar [[r.SkyAtmosphere.FastSkyLUT.SampleCountMin:4.0]]
[2020.07.17-08.30.11:274][  0]LogConfig: Setting CVar [[r.SkyAtmosphere.FastSkyLUT.SampleCountMax:32.0]]
[2020.07.17-08.30.11:274][  0]LogConfig: Setting CVar [[r.SkyAtmosphere.SampleCountMin:4.0]]
[2020.07.17-08.30.11:274][  0]LogConfig: Setting CVar [[r.SkyAtmosphere.SampleCountMax:32.0]]
[2020.07.17-08.30.11:274][  0]LogConfig: Setting CVar [[r.SkyAtmosphere.TransmittanceLUT.UseSmallFormat:0]]
[2020.07.17-08.30.11:274][  0]LogConfig: Setting CVar [[r.SkyAtmosphere.TransmittanceLUT.SampleCount:10.0]]
[2020.07.17-08.30.11:274][  0]LogConfig: Setting CVar [[r.SkyAtmosphere.MultiScatteringLUT.SampleCount:15.0]]
[2020.07.17-08.30.11:274][  0]LogConfig: Applying CVar settings from Section [FoliageQuality@3] File [E:/AwesomeTuts/Unreal-Engine-Tutorial---Create-A-2D-Game-In-Unreal-Engine/Snake2D/Saved/Config/Windows/Scalability.ini]
[2020.07.17-08.30.11:274][  0]LogConfig: Setting CVar [[foliage.DensityScale:1.0]]
[2020.07.17-08.30.11:274][  0]LogConfig: Setting CVar [[grass.DensityScale:1.0]]
[2020.07.17-08.30.11:274][  0]LogConfig: Applying CVar settings from Section [ShadingQuality@3] File [E:/AwesomeTuts/Unreal-Engine-Tutorial---Create-A-2D-Game-In-Unreal-Engine/Snake2D/Saved/Config/Windows/Scalability.ini]
[2020.07.17-08.30.11:274][  0]LogConfig: Setting CVar [[r.HairStrands.SkyLighting.SampleCount:16]]
[2020.07.17-08.30.11:274][  0]LogConfig: Setting CVar [[r.HairStrands.SkyLighting.JitterIntegration:0]]
[2020.07.17-08.30.11:274][  0]LogConfig: Setting CVar [[r.HairStrands.SkyAO.SampleCount:16]]
[2020.07.17-08.30.11:274][  0]LogConfig: Setting CVar [[r.HairStrands.DeepShadow.SuperSampling:0]]
[2020.07.17-08.30.11:274][  0]LogConfig: Setting CVar [[r.HairStrands.VisibilityPPLL:0]]
[2020.07.17-08.30.11:274][  0]LogConfig: Setting CVar [[r.HairStrands.RasterizationScale:0.5]]
[2020.07.17-08.30.11:274][  0]LogConfig: Setting CVar [[r.HairStrands.VelocityRasterizationScale:1]]
[2020.07.17-08.30.11:274][  0]LogInit: Selected Device Profile: [Windows]
[2020.07.17-08.30.11:274][  0]LogInit: Applying CVar settings loaded from the selected device profile: [Windows]
[2020.07.17-08.30.11:274][  0]LogHAL: Display: Platform has ~ 12 GB [12836986880 / 17179869184 / 12], which maps to Larger [LargestMinGB=32, LargerMinGB=12, DefaultMinGB=8, SmallerMinGB=6, SmallestMinGB=0)
[2020.07.17-08.30.11:274][  0]LogInit: Going up to parent DeviceProfile []
[2020.07.17-08.30.11:274][  0]LogConfig: Applying CVar settings from Section [ViewDistanceQuality@3] File [E:/AwesomeTuts/Unreal-Engine-Tutorial---Create-A-2D-Game-In-Unreal-Engine/Snake2D/Saved/Config/Windows/Scalability.ini]
[2020.07.17-08.30.11:274][  0]LogConfig: Setting CVar [[r.SkeletalMeshLODBias:0]]
[2020.07.17-08.30.11:274][  0]LogConfig: Setting CVar [[r.ViewDistanceScale:1.0]]
[2020.07.17-08.30.11:274][  0]LogConfig: Applying CVar settings from Section [AntiAliasingQuality@3] File [E:/AwesomeTuts/Unreal-Engine-Tutorial---Create-A-2D-Game-In-Unreal-Engine/Snake2D/Saved/Config/Windows/Scalability.ini]
[2020.07.17-08.30.11:275][  0]LogConfig: Setting CVar [[r.PostProcessAAQuality:4]]
[2020.07.17-08.30.11:275][  0]LogConfig: Applying CVar settings from Section [ShadowQuality@3] File [E:/AwesomeTuts/Unreal-Engine-Tutorial---Create-A-2D-Game-In-Unreal-Engine/Snake2D/Saved/Config/Windows/Scalability.ini]
[2020.07.17-08.30.11:275][  0]LogConfig: Setting CVar [[r.LightFunctionQuality:1]]
[2020.07.17-08.30.11:275][  0]LogConfig: Setting CVar [[r.ShadowQuality:5]]
[2020.07.17-08.30.11:275][  0]LogConfig: Setting CVar [[r.Shadow.CSM.MaxCascades:10]]
[2020.07.17-08.30.11:275][  0]LogConfig: Setting CVar [[r.Shadow.MaxResolution:2048]]
[2020.07.17-08.30.11:275][  0]LogConfig: Setting CVar [[r.Shadow.MaxCSMResolution:2048]]
[2020.07.17-08.30.11:275][  0]LogConfig: Setting CVar [[r.Shadow.RadiusThreshold:0.01]]
[2020.07.17-08.30.11:275][  0]LogConfig: Setting CVar [[r.Shadow.DistanceScale:1.0]]
[2020.07.17-08.30.11:275][  0]LogConfig: Setting CVar [[r.Shadow.CSM.TransitionScale:1.0]]
[2020.07.17-08.30.11:275][  0]LogConfig: Setting CVar [[r.Shadow.PreShadowResolutionFactor:1.0]]
[2020.07.17-08.30.11:275][  0]LogConfig: Setting CVar [[r.DistanceFieldShadowing:1]]
[2020.07.17-08.30.11:275][  0]LogConfig: Setting CVar [[r.DistanceFieldAO:1]]
[2020.07.17-08.30.11:275][  0]LogConfig: Setting CVar [[r.AOQuality:2]]
[2020.07.17-08.30.11:275][  0]LogConfig: Setting CVar [[r.VolumetricFog:1]]
[2020.07.17-08.30.11:275][  0]LogConfig: Setting CVar [[r.VolumetricFog.GridPixelSize:8]]
[2020.07.17-08.30.11:275][  0]LogConfig: Setting CVar [[r.VolumetricFog.GridSizeZ:128]]
[2020.07.17-08.30.11:275][  0]LogConfig: Setting CVar [[r.VolumetricFog.HistoryMissSupersampleCount:4]]
[2020.07.17-08.30.11:275][  0]LogConfig: Setting CVar [[r.LightMaxDrawDistanceScale:1]]
[2020.07.17-08.30.11:275][  0]LogConfig: Setting CVar [[r.CapsuleShadows:1]]
[2020.07.17-08.30.11:275][  0]LogConfig: Applying CVar settings from Section [PostProcessQuality@3] File [E:/AwesomeTuts/Unreal-Engine-Tutorial---Create-A-2D-Game-In-Unreal-Engine/Snake2D/Saved/Config/Windows/Scalability.ini]
[2020.07.17-08.30.11:275][  0]LogConfig: Setting CVar [[r.MotionBlurQuality:4]]
[2020.07.17-08.30.11:275][  0]LogConfig: Setting CVar [[r.AmbientOcclusionMipLevelFactor:0.4]]
[2020.07.17-08.30.11:275][  0]LogConfig: Setting CVar [[r.AmbientOcclusionMaxQuality:100]]
[2020.07.17-08.30.11:275][  0]LogConfig: Setting CVar [[r.AmbientOcclusionLevels:-1]]
[2020.07.17-08.30.11:275][  0]LogConfig: Setting CVar [[r.AmbientOcclusionRadiusScale:1.0]]
[2020.07.17-08.30.11:275][  0]LogConfig: Setting CVar [[r.DepthOfFieldQuality:2]]
[2020.07.17-08.30.11:275][  0]LogConfig: Setting CVar [[r.RenderTargetPoolMin:400]]
[2020.07.17-08.30.11:275][  0]LogConfig: Setting CVar [[r.LensFlareQuality:2]]
[2020.07.17-08.30.11:275][  0]LogConfig: Setting CVar [[r.SceneColorFringeQuality:1]]
[2020.07.17-08.30.11:275][  0]LogConfig: Setting CVar [[r.EyeAdaptationQuality:2]]
[2020.07.17-08.30.11:275][  0]LogConfig: Setting CVar [[r.BloomQuality:5]]
[2020.07.17-08.30.11:275][  0]LogConfig: Setting CVar [[r.FastBlurThreshold:100]]
[2020.07.17-08.30.11:275][  0]LogConfig: Setting CVar [[r.Upscale.Quality:3]]
[2020.07.17-08.30.11:275][  0]LogConfig: Setting CVar [[r.Tonemapper.GrainQuantization:1]]
[2020.07.17-08.30.11:275][  0]LogConfig: Setting CVar [[r.LightShaftQuality:1]]
[2020.07.17-08.30.11:275][  0]LogConfig: Setting CVar [[r.Filter.SizeScale:1]]
[2020.07.17-08.30.11:275][  0]LogConfig: Setting CVar [[r.Tonemapper.Quality:5]]
[2020.07.17-08.30.11:275][  0]LogConfig: Setting CVar [[r.DOF.Gather.AccumulatorQuality:1        ; higher gathering accumulator quality]]
[2020.07.17-08.30.11:275][  0]LogConfig: Setting CVar [[r.DOF.Gather.PostfilterMethod:1          ; Median3x3 postfilering method]]
[2020.07.17-08.30.11:275][  0]LogConfig: Setting CVar [[r.DOF.Gather.EnableBokehSettings:0       ; no bokeh simulation when gathering]]
[2020.07.17-08.30.11:275][  0]LogConfig: Setting CVar [[r.DOF.Gather.RingCount:4                 ; medium number of samples when gathering]]
[2020.07.17-08.30.11:275][  0]LogConfig: Setting CVar [[r.DOF.Scatter.ForegroundCompositing:1    ; additive foreground scattering]]
[2020.07.17-08.30.11:275][  0]LogConfig: Setting CVar [[r.DOF.Scatter.BackgroundCompositing:2    ; additive background scattering]]
[2020.07.17-08.30.11:275][  0]LogConfig: Setting CVar [[r.DOF.Scatter.EnableBokehSettings:1      ; bokeh simulation when scattering]]
[2020.07.17-08.30.11:275][  0]LogConfig: Setting CVar [[r.DOF.Scatter.MaxSpriteRatio:0.1         ; only a maximum of 10% of scattered bokeh]]
[2020.07.17-08.30.11:275][  0]LogConfig: Setting CVar [[r.DOF.Recombine.Quality:1                ; cheap slight out of focus]]
[2020.07.17-08.30.11:275][  0]LogConfig: Setting CVar [[r.DOF.Recombine.EnableBokehSettings:0    ; no bokeh simulation on slight out of focus]]
[2020.07.17-08.30.11:275][  0]LogConfig: Setting CVar [[r.DOF.TemporalAAQuality:1                ; more stable temporal accumulation]]
[2020.07.17-08.30.11:275][  0]LogConfig: Setting CVar [[r.DOF.Kernel.MaxForegroundRadius:0.025]]
[2020.07.17-08.30.11:275][  0]LogConfig: Setting CVar [[r.DOF.Kernel.MaxBackgroundRadius:0.025]]
[2020.07.17-08.30.11:275][  0]LogConfig: Applying CVar settings from Section [TextureQuality@3] File [E:/AwesomeTuts/Unreal-Engine-Tutorial---Create-A-2D-Game-In-Unreal-Engine/Snake2D/Saved/Config/Windows/Scalability.ini]
[2020.07.17-08.30.11:275][  0]LogConfig: Setting CVar [[r.Streaming.MipBias:0]]
[2020.07.17-08.30.11:275][  0]LogConfig: Setting CVar [[r.Streaming.AmortizeCPUToGPUCopy:0]]
[2020.07.17-08.30.11:275][  0]LogConfig: Setting CVar [[r.Streaming.MaxNumTexturesToStreamPerFrame:0]]
[2020.07.17-08.30.11:275][  0]LogConfig: Setting CVar [[r.Streaming.Boost:1]]
[2020.07.17-08.30.11:275][  0]LogConfig: Setting CVar [[r.MaxAnisotropy:8]]
[2020.07.17-08.30.11:275][  0]LogConfig: Setting CVar [[r.VT.MaxAnisotropy:8]]
[2020.07.17-08.30.11:275][  0]LogConfig: Setting CVar [[r.Streaming.LimitPoolSizeToVRAM:0]]
[2020.07.17-08.30.11:275][  0]LogConfig: Setting CVar [[r.Streaming.PoolSize:1000]]
[2020.07.17-08.30.11:275][  0]LogConfig: Setting CVar [[r.Streaming.MaxEffectiveScreenSize:0]]
[2020.07.17-08.30.11:275][  0]LogConfig: Applying CVar settings from Section [EffectsQuality@3] File [E:/AwesomeTuts/Unreal-Engine-Tutorial---Create-A-2D-Game-In-Unreal-Engine/Snake2D/Saved/Config/Windows/Scalability.ini]
[2020.07.17-08.30.11:275][  0]LogConfig: Setting CVar [[r.TranslucencyLightingVolumeDim:64]]
[2020.07.17-08.30.11:276][  0]LogConfig: Setting CVar [[r.RefractionQuality:2]]
[2020.07.17-08.30.11:276][  0]LogConfig: Setting CVar [[r.SSR.Quality:3]]
[2020.07.17-08.30.11:276][  0]LogConfig: Setting CVar [[r.SSR.HalfResSceneColor:0]]
[2020.07.17-08.30.11:276][  0]LogConfig: Setting CVar [[r.SceneColorFormat:4]]
[2020.07.17-08.30.11:276][  0]LogConfig: Setting CVar [[r.DetailMode:2]]
[2020.07.17-08.30.11:276][  0]LogConfig: Setting CVar [[r.TranslucencyVolumeBlur:1]]
[2020.07.17-08.30.11:276][  0]LogConfig: Setting CVar [[r.MaterialQualityLevel:1 ; High quality]]
[2020.07.17-08.30.11:276][  0]LogConfig: Setting CVar [[r.SSS.Scale:1]]
[2020.07.17-08.30.11:276][  0]LogConfig: Setting CVar [[r.SSS.SampleSet:2]]
[2020.07.17-08.30.11:276][  0]LogConfig: Setting CVar [[r.SSS.Quality:1]]
[2020.07.17-08.30.11:276][  0]LogConfig: Setting CVar [[r.SSS.HalfRes:0]]
[2020.07.17-08.30.11:276][  0]LogConfig: Setting CVar [[r.SSGI.Quality:3]]
[2020.07.17-08.30.11:276][  0]LogConfig: Setting CVar [[r.EmitterSpawnRateScale:1.0]]
[2020.07.17-08.30.11:276][  0]LogConfig: Setting CVar [[r.ParticleLightQuality:2]]
[2020.07.17-08.30.11:276][  0]LogConfig: Setting CVar [[r.SkyAtmosphere.AerialPerspectiveLUT.FastApplyOnOpaque:1 ; Always have FastSkyLUT 1 in this case to avoid wrong sky]]
[2020.07.17-08.30.11:276][  0]LogConfig: Setting CVar [[r.SkyAtmosphere.AerialPerspectiveLUT.SampleCountPerSlice:1]]
[2020.07.17-08.30.11:276][  0]LogConfig: Setting CVar [[r.SkyAtmosphere.AerialPerspectiveLUT.DepthResolution:16.0]]
[2020.07.17-08.30.11:276][  0]LogConfig: Setting CVar [[r.SkyAtmosphere.FastSkyLUT:1]]
[2020.07.17-08.30.11:276][  0]LogConfig: Setting CVar [[r.SkyAtmosphere.FastSkyLUT.SampleCountMin:4.0]]
[2020.07.17-08.30.11:276][  0]LogConfig: Setting CVar [[r.SkyAtmosphere.FastSkyLUT.SampleCountMax:32.0]]
[2020.07.17-08.30.11:276][  0]LogConfig: Setting CVar [[r.SkyAtmosphere.SampleCountMin:4.0]]
[2020.07.17-08.30.11:276][  0]LogConfig: Setting CVar [[r.SkyAtmosphere.SampleCountMax:32.0]]
[2020.07.17-08.30.11:276][  0]LogConfig: Setting CVar [[r.SkyAtmosphere.TransmittanceLUT.UseSmallFormat:0]]
[2020.07.17-08.30.11:276][  0]LogConfig: Setting CVar [[r.SkyAtmosphere.TransmittanceLUT.SampleCount:10.0]]
[2020.07.17-08.30.11:276][  0]LogConfig: Setting CVar [[r.SkyAtmosphere.MultiScatteringLUT.SampleCount:15.0]]
[2020.07.17-08.30.11:276][  0]LogConfig: Applying CVar settings from Section [FoliageQuality@3] File [E:/AwesomeTuts/Unreal-Engine-Tutorial---Create-A-2D-Game-In-Unreal-Engine/Snake2D/Saved/Config/Windows/Scalability.ini]
[2020.07.17-08.30.11:276][  0]LogConfig: Setting CVar [[foliage.DensityScale:1.0]]
[2020.07.17-08.30.11:276][  0]LogConfig: Setting CVar [[grass.DensityScale:1.0]]
[2020.07.17-08.30.11:276][  0]LogConfig: Applying CVar settings from Section [ShadingQuality@3] File [E:/AwesomeTuts/Unreal-Engine-Tutorial---Create-A-2D-Game-In-Unreal-Engine/Snake2D/Saved/Config/Windows/Scalability.ini]
[2020.07.17-08.30.11:276][  0]LogConfig: Setting CVar [[r.HairStrands.SkyLighting.SampleCount:16]]
[2020.07.17-08.30.11:276][  0]LogConfig: Setting CVar [[r.HairStrands.SkyLighting.JitterIntegration:0]]
[2020.07.17-08.30.11:276][  0]LogConfig: Setting CVar [[r.HairStrands.SkyAO.SampleCount:16]]
[2020.07.17-08.30.11:276][  0]LogConfig: Setting CVar [[r.HairStrands.DeepShadow.SuperSampling:0]]
[2020.07.17-08.30.11:276][  0]LogConfig: Setting CVar [[r.HairStrands.VisibilityPPLL:0]]
[2020.07.17-08.30.11:276][  0]LogConfig: Setting CVar [[r.HairStrands.RasterizationScale:0.5]]
[2020.07.17-08.30.11:276][  0]LogConfig: Setting CVar [[r.HairStrands.VelocityRasterizationScale:1]]
[2020.07.17-08.30.11:276][  0]LogConfig: Applying CVar settings from Section [Startup] File [../../../Engine/Config/ConsoleVariables.ini]
[2020.07.17-08.30.11:276][  0]LogConfig: Setting CVar [[net.UseAdaptiveNetUpdateFrequency:0]]
[2020.07.17-08.30.11:276][  0]LogConfig: Setting CVar [[p.chaos.AllowCreatePhysxBodies:1]]
[2020.07.17-08.30.11:277][  0]LogConfig: Setting CVar [[fx.SkipVectorVMBackendOptimizations:1]]
[2020.07.17-08.30.11:277][  0]LogConfig: Applying CVar settings from Section [ConsoleVariables] File [E:/AwesomeTuts/Unreal-Engine-Tutorial---Create-A-2D-Game-In-Unreal-Engine/Snake2D/Saved/Config/Windows/Engine.ini]
[2020.07.17-08.30.11:277][  0]LogInit: Computer: HOME
[2020.07.17-08.30.11:277][  0]LogInit: User: Jarkko
[2020.07.17-08.30.11:277][  0]LogInit: CPU Page size=4096, Cores=4
[2020.07.17-08.30.11:277][  0]LogInit: High frequency timer resolution =10.000000 MHz
[2020.07.17-08.30.11:277][  0]LogMemory: Memory total: Physical=12.0GB (12GB approx)
[2020.07.17-08.30.11:277][  0]LogMemory: Platform Memory Stats for Windows
[2020.07.17-08.30.11:277][  0]LogMemory: Process Physical Memory: 115.38 MB used, 115.39 MB peak
[2020.07.17-08.30.11:277][  0]LogMemory: Process Virtual Memory: 96.34 MB used, 96.34 MB peak
[2020.07.17-08.30.11:277][  0]LogMemory: Physical Memory: 6439.83 MB used,  5802.48 MB free, 12242.30 MB total
[2020.07.17-08.30.11:277][  0]LogMemory: Virtual Memory: 5145.89 MB used,  134212584.00 MB free, 134217728.00 MB total
[2020.07.17-08.30.11:285][  0]LogWindows: WindowsPlatformFeatures enabled
[2020.07.17-08.30.11:332][  0]LogInit: Physics initialised using underlying interface: PhysX
[2020.07.17-08.30.11:333][  0]LogInit: Using OS detected language (fi-FI).
[2020.07.17-08.30.11:333][  0]LogInit: Using OS detected locale (fi-FI).
[2020.07.17-08.30.11:339][  0]LogTextLocalizationManager: No localization for 'fi-FI' exists, so 'en' will be used for the language.
[2020.07.17-08.30.11:567][  0]LogInit: Setting process to per monitor DPI aware
[2020.07.17-08.30.11:608][  0]LogSlate: New Slate User Created.  User Index 0, Is Virtual User: 0
[2020.07.17-08.30.11:608][  0]LogSlate: Slate User Registered.  User Index 0, Is Virtual User: 0
[2020.07.17-08.30.11:868][  0]LogHMD: Failed to initialize OpenVR with code 110
[2020.07.17-08.30.11:868][  0]LogD3D11RHI: D3D11 min allowed feature level: 11_0
[2020.07.17-08.30.11:868][  0]LogD3D11RHI: D3D11 max allowed feature level: 11_0
[2020.07.17-08.30.11:868][  0]LogD3D11RHI: D3D11 adapters:
[2020.07.17-08.30.11:930][  0]LogD3D11RHI:    0. 'NVIDIA GeForce GT 610' (Feature Level 11_0)
[2020.07.17-08.30.11:930][  0]LogD3D11RHI:       2000/0/6121 MB DedicatedVideo/DedicatedSystem/SharedSystem, Outputs:2, VendorId:0x10de
[2020.07.17-08.30.11:934][  0]LogD3D11RHI:    1. 'Microsoft Basic Render Driver' (Feature Level 11_0)
[2020.07.17-08.30.11:934][  0]LogD3D11RHI:       0/0/6121 MB DedicatedVideo/DedicatedSystem/SharedSystem, Outputs:0, VendorId:0x1414
[2020.07.17-08.30.11:934][  0]LogD3D11RHI: Chosen D3D11 Adapter: 0
[2020.07.17-08.30.11:941][  0]LogD3D11RHI: Creating new Direct3DDevice
[2020.07.17-08.30.11:941][  0]LogD3D11RHI:     GPU DeviceId: 0x104a (for the marketing name, search the web for "GPU Device Id")
[2020.07.17-08.30.11:941][  0]LogWindows: EnumDisplayDevices:
[2020.07.17-08.30.11:942][  0]LogWindows:    0. 'NVIDIA GeForce GT 610' (P:1 D:1)
[2020.07.17-08.30.11:942][  0]LogWindows:    1. 'NVIDIA GeForce GT 610' (P:0 D:1)
[2020.07.17-08.30.11:942][  0]LogWindows: DebugString: FoundDriverCount:2 
[2020.07.17-08.30.11:942][  0]LogD3D11RHI:     Adapter Name: NVIDIA GeForce GT 610
[2020.07.17-08.30.11:942][  0]LogD3D11RHI:   Driver Version: 388.13 (internal:23.21.13.8813, unified:388.13)
[2020.07.17-08.30.11:942][  0]LogD3D11RHI:      Driver Date: 10-27-2017
[2020.07.17-08.30.11:942][  0]LogRHI: Texture pool is 1400 MB (70% of 2000 MB)
[2020.07.17-08.30.11:985][  0]LogD3D11RHI: Display: Timestamp queries are currently disabled on this hardware due to instability. Realtime GPU stats will not be available. You can override this behaviour by setting r.NVIDIATimestampWorkaround to 0
[2020.07.17-08.30.11:985][  0]LogD3D11RHI: RHI does not have support for 64 bit atomics
[2020.07.17-08.30.11:986][  0]LogD3D11RHI: [Aftermath] Failed to initialize. Result=bad0000b
[2020.07.17-08.30.11:986][  0]LogD3D11RHI: Async texture creation enabled
[2020.07.17-08.30.12:006][  0]LogD3D11RHI: GPU Timing Frequency: 1000.000000 (Debug: 2 1)
[2020.07.17-08.30.12:452][  0]LogTargetPlatformManager: Display: Loaded TargetPlatform 'AllDesktop'
[2020.07.17-08.30.12:479][  0]LogTargetPlatformManager: Display: Loaded TargetPlatform 'Android'
[2020.07.17-08.30.12:479][  0]LogTargetPlatformManager: Display: Loaded TargetPlatform 'Android_ASTC'
[2020.07.17-08.30.12:479][  0]LogTargetPlatformManager: Display: Loaded TargetPlatform 'Android_DXT'
[2020.07.17-08.30.12:479][  0]LogTargetPlatformManager: Display: Loaded TargetPlatform 'Android_ETC2'
[2020.07.17-08.30.12:479][  0]LogTargetPlatformManager: Display: Loaded TargetPlatform 'AndroidClient'
[2020.07.17-08.30.12:479][  0]LogTargetPlatformManager: Display: Loaded TargetPlatform 'Android_ASTCClient'
[2020.07.17-08.30.12:479][  0]LogTargetPlatformManager: Display: Loaded TargetPlatform 'Android_DXTClient'
[2020.07.17-08.30.12:479][  0]LogTargetPlatformManager: Display: Loaded TargetPlatform 'Android_ETC2Client'
[2020.07.17-08.30.12:479][  0]LogTargetPlatformManager: Display: Loaded TargetPlatform 'Android_Multi'
[2020.07.17-08.30.12:479][  0]LogTargetPlatformManager: Display: Loaded TargetPlatform 'Android_MultiClient'
[2020.07.17-08.30.12:512][  0]LogTargetPlatformManager: Display: Loaded TargetPlatform 'IOSClient'
[2020.07.17-08.30.12:512][  0]LogTargetPlatformManager: Display: Loaded TargetPlatform 'IOS'
[2020.07.17-08.30.12:527][  0]LogTargetPlatformManager: Display: Loaded TargetPlatform 'Linux'
[2020.07.17-08.30.12:540][  0]LogTargetPlatformManager: Display: Loaded TargetPlatform 'LinuxNoEditor'
[2020.07.17-08.30.12:553][  0]LogTargetPlatformManager: Display: Loaded TargetPlatform 'LinuxClient'
[2020.07.17-08.30.12:565][  0]LogTargetPlatformManager: Display: Loaded TargetPlatform 'LinuxServer'
[2020.07.17-08.30.12:577][  0]LogTargetPlatformManager: Display: Loaded TargetPlatform 'LinuxAArch64NoEditor'
[2020.07.17-08.30.12:590][  0]LogTargetPlatformManager: Display: Loaded TargetPlatform 'LinuxAArch64Client'
[2020.07.17-08.30.12:603][  0]LogTargetPlatformManager: Display: Loaded TargetPlatform 'LinuxAArch64Server'
[2020.07.17-08.30.12:639][  0]LogTargetPlatformManager: Display: Loaded TargetPlatform 'Lumin'
[2020.07.17-08.30.12:639][  0]LogTargetPlatformManager: Display: Loaded TargetPlatform 'LuminClient'
[2020.07.17-08.30.12:661][  0]LogTargetPlatformManager: Display: Loaded TargetPlatform 'TVOSClient'
[2020.07.17-08.30.12:661][  0]LogTargetPlatformManager: Display: Loaded TargetPlatform 'TVOS'
[2020.07.17-08.30.12:674][  0]LogTargetPlatformManager: Display: Loaded TargetPlatform 'WindowsNoEditor'
[2020.07.17-08.30.12:693][  0]LogTargetPlatformManager: Display: Loaded TargetPlatform 'Windows'
[2020.07.17-08.30.12:706][  0]LogTargetPlatformManager: Display: Loaded TargetPlatform 'WindowsClient'
[2020.07.17-08.30.12:718][  0]LogTargetPlatformManager: Display: Loaded TargetPlatform 'WindowsServer'
[2020.07.17-08.30.12:718][  0]LogTargetPlatformManager: Display: Building Assets For Windows
[2020.07.17-08.30.12:729][  0]LogAudioDebug: Display: Lib vorbis DLL was dynamically loaded.
[2020.07.17-08.30.12:821][  0]LogShaderCompilers: Guid format shader working directory is -34 characters bigger than the processId version (E:/AwesomeTuts/Unreal-Engine-Tutorial---Create-A-2D-Game-In-Unreal-Engine/Snake2D/Intermediate/Shaders/WorkingDirectory/2384/).
[2020.07.17-08.30.12:821][  0]LogShaderCompilers: Cleaned the shader compiler working directory 'C:/Users/Jarkko/AppData/Local/Temp/UnrealShaderWorkingDir/416C408642B6D957CF78C4BC7243C743/'.
[2020.07.17-08.30.12:823][  0]LogShaderCompilers: Display: Using XGE Shader Compiler (Interception Interface).
[2020.07.17-08.30.13:799][  0]LogDerivedDataCache: Display: Max Cache Size: 512 MB
[2020.07.17-08.30.13:880][  0]LogDerivedDataCache: Loaded boot cache 0.08s 104MB C:/Users/Jarkko/AppData/Local/UnrealEngine/4.25/DerivedDataCache/Boot.ddc.
[2020.07.17-08.30.13:880][  0]LogDerivedDataCache: Display: Loaded Boot cache: C:/Users/Jarkko/AppData/Local/UnrealEngine/4.25/DerivedDataCache/Boot.ddc
[2020.07.17-08.30.13:880][  0]LogDerivedDataCache: FDerivedDataBackendGraph:  Pak pak cache file E:/AwesomeTuts/Unreal-Engine-Tutorial---Create-A-2D-Game-In-Unreal-Engine/Snake2D/DerivedDataCache/DDC.ddp not found, will not use a pak cache.
[2020.07.17-08.30.13:880][  0]LogDerivedDataCache: Unable to find inner node Pak for hierarchical cache Hierarchy.
[2020.07.17-08.30.13:880][  0]LogDerivedDataCache: FDerivedDataBackendGraph:  CompressedPak pak cache file E:/AwesomeTuts/Unreal-Engine-Tutorial---Create-A-2D-Game-In-Unreal-Engine/Snake2D/DerivedDataCache/Compressed.ddp not found, will not use a pak cache.
[2020.07.17-08.30.13:880][  0]LogDerivedDataCache: Unable to find inner node CompressedPak for hierarchical cache Hierarchy.
[2020.07.17-08.30.13:891][  0]LogDerivedDataCache: Display: Pak cache opened for reading ../../../Engine/DerivedDataCache/Compressed.ddp.
[2020.07.17-08.30.13:891][  0]LogDerivedDataCache: FDerivedDataBackendGraph:  EnterprisePak pak cache file ../../../Enterprise/DerivedDataCache/Compressed.ddp not found, will not use a pak cache.
[2020.07.17-08.30.13:891][  0]LogDerivedDataCache: Unable to find inner node EnterprisePak for hierarchical cache Hierarchy.
[2020.07.17-08.30.13:893][  0]LogDerivedDataCache: Using Local data cache path C:/Users/Jarkko/AppData/Local/UnrealEngine/Common/DerivedDataCache: Writable
[2020.07.17-08.30.13:893][  0]LogDerivedDataCache: Shared data cache path not found in *engine.ini, will not use an Shared cache.
[2020.07.17-08.30.13:893][  0]LogDerivedDataCache: Unable to find inner node Shared for hierarchical cache Hierarchy.
[2020.07.17-08.30.13:973][  0]LogSlate: Using FreeType 2.10.0
[2020.07.17-08.30.13:974][  0]LogSlate: SlateFontServices - WITH_FREETYPE: 1, WITH_HARFBUZZ: 1
[2020.07.17-08.30.14:009][  0]LogAssetRegistry: FAssetRegistry took 0.0030 seconds to start up
[2020.07.17-08.30.14:347][  0]LogInit: Selected Device Profile: [Windows]
[2020.07.17-08.30.14:497][  0]LogMeshReduction: Using QuadricMeshReduction for automatic static mesh reduction
[2020.07.17-08.30.14:497][  0]LogMeshReduction: Using SimplygonMeshReduction for automatic skeletal mesh reduction
[2020.07.17-08.30.14:497][  0]LogMeshReduction: Using ProxyLODMeshReduction for automatic mesh merging
[2020.07.17-08.30.14:497][  0]LogMeshReduction: No distributed automatic mesh merging module available
[2020.07.17-08.30.14:497][  0]LogMeshMerging: No distributed automatic mesh merging module available
[2020.07.17-08.30.14:518][  0]LogNetVersion: Snake2D 1.0.0, NetCL: 13144385, EngineNetVer: 14, GameNetVer: 0 (Checksum: 1520494507)
[2020.07.17-08.30.15:103][  0]LogAISub: UAISubsystem::UAISubsystem AISubsystem (000002749718AB00), frame # 0
[2020.07.17-08.30.15:103][  0]LogAISub: UAISubsystem::UAISubsystem AIPerceptionSystem (000002749712A980), frame # 0
[2020.07.17-08.30.15:104][  0]LogAISub: UAISubsystem::UAISubsystem EnvQueryManager (00000274971B4400), frame # 0
[2020.07.17-08.30.15:183][  0]LogPackageLocalizationCache: Processed 19 localized package path(s) for 1 prioritized culture(s) in 0.070682 seconds
[2020.07.17-08.30.15:188][  0]LogUObjectArray: 15917 objects as part of root set at end of initial load.
[2020.07.17-08.30.15:188][  0]LogUObjectAllocator: 3965568 out of 0 bytes used by permanent object pool.
[2020.07.17-08.30.15:188][  0]LogUObjectArray: CloseDisregardForGC: 0/0 objects in disregard for GC pool
[2020.07.17-08.30.15:670][  0]LogTcpMessaging: Initializing TcpMessaging bridge
[2020.07.17-08.30.15:676][  0]LogUdpMessaging: Initializing bridge on interface 0.0.0.0:0 to multicast group 230.0.0.1:6666.
[2020.07.17-08.30.15:737][  0]LogLinker: Warning: Failed to load '/Game/ThirdPersonBP/ThirdPersonOverview': Can't find file.
[2020.07.17-08.30.15:737][  0]LogLinker: Warning: Failed to load '/Game/ThirdPersonBP/ThirdPersonOverview': Can't find file.
[2020.07.17-08.30.15:737][  0]LogUObjectGlobals: Warning: Failed to find object 'Class /Game/ThirdPersonBP/ThirdPersonOverview.ThirdPersonOverview_C'
[2020.07.17-08.30.15:794][  0]SourceControl: Source control is disabled
[2020.07.17-08.30.15:794][  0]SourceControl: Source control is disabled
[2020.07.17-08.30.15:798][  0]SourceControl: Source control is disabled
[2020.07.17-08.30.15:802][  0]SourceControl: Source control is disabled
[2020.07.17-08.30.15:815][  0]SourceControl: Source control is disabled
[2020.07.17-08.30.16:169][  0]LogAndroidPermission: UAndroidPermissionCallbackProxy::GetInstance
[2020.07.17-08.30.16:197][  0]LogAudioCaptureCore: Display: No Audio Capture implementations found. Audio input will be silent.
[2020.07.17-08.30.16:197][  0]LogAudioCaptureCore: Display: No Audio Capture implementations found. Audio input will be silent.
[2020.07.17-08.30.16:275][  0]LogOcInput: OculusInput pre-init called
[2020.07.17-08.30.16:294][  0]LogWindows: Failed to load 'OVRPlugin.dll' (GetLastError=126)
[2020.07.17-08.30.16:294][  0]LogWindows: File 'OVRPlugin.dll' does not exist
[2020.07.17-08.30.16:388][  0]LogEngine: Initializing Engine...
[2020.07.17-08.30.16:390][  0]LogHMD: Failed to initialize OpenVR with code 110
[2020.07.17-08.30.16:390][  0]LogMagicLeap: Warning: VR disabled because ZI is not enabled.  To enable, in the editor, Edit -> Project Settings -> Plugins -> Magic Leap Plugin -> Enable Zero Iteration
[2020.07.17-08.30.16:391][  0]LogStats: UGameplayTagsManager::InitializeManager -  0.000 s
[2020.07.17-08.30.16:547][  0]LogInit: Initializing FReadOnlyCVARCache
[2020.07.17-08.30.16:557][  0]LogAIModule: Creating AISystem for world Untitled
[2020.07.17-08.30.16:557][  0]LogAISub: UAISubsystem::UAISubsystem EnvQueryManager (000002749A94D200), frame # 0
[2020.07.17-08.30.16:557][  0]LogAISub: UAISubsystem::UAISubsystem AIPerceptionSystem (000002749A9751C0), frame # 0
[2020.07.17-08.30.16:578][  0]LogAudioMixer: Display: Audio Mixer Platform Settings:
[2020.07.17-08.30.16:578][  0]LogAudioMixer: Display: 	Sample Rate:						  48000
[2020.07.17-08.30.16:578][  0]LogAudioMixer: Display: 	Callback Buffer Frame Size Requested: 1024
[2020.07.17-08.30.16:578][  0]LogAudioMixer: Display: 	Callback Buffer Frame Size To Use:	  1024
[2020.07.17-08.30.16:578][  0]LogAudioMixer: Display: 	Number of buffers to queue:			  2
[2020.07.17-08.30.16:578][  0]LogAudioMixer: Display: 	Max Channels (voices):				  32
[2020.07.17-08.30.16:578][  0]LogAudioMixer: Display: 	Number of Async Source Workers:		  0
[2020.07.17-08.30.16:578][  0]LogAudio: Display: AudioDevice MaxSources: 32
[2020.07.17-08.30.16:578][  0]LogAudio: Display: Using built-in audio occlusion.
[2020.07.17-08.30.16:579][  0]LogAudioMixer: Display: Initializing audio mixer.
[2020.07.17-08.30.16:595][  0]LogAudioMixer: Display: 0: FrontLeft
[2020.07.17-08.30.16:595][  0]LogAudioMixer: Display: 1: FrontRight
[2020.07.17-08.30.16:637][  0]LogAudioMixer: Display: Using Audio Device Kaiuttimet (High Definition Audio Device)
[2020.07.17-08.30.16:641][  0]LogAudioMixer: Display: Initializing Sound Submixes...
[2020.07.17-08.30.16:645][  0]LogAudioMixer: Display: Creating Master Submix 'MasterSubmixDefault'
[2020.07.17-08.30.16:645][  0]LogAudioMixer: Display: Creating Master Submix 'MasterReverbSubmixDefault'
[2020.07.17-08.30.16:645][  0]LogAudioMixer: Display: Creating Master Submix 'MasterEQSubmixDefault'
[2020.07.17-08.30.16:647][  0]LogInit: FAudioDevice initialized.
[2020.07.17-08.30.16:647][  0]LogNetVersion: Set ProjectVersion to 1.0.0.0. Version Checksum will be recalculated on next use.
[2020.07.17-08.30.16:800][  0]LogDerivedDataCache: Saved boot cache 0.15s 104MB C:/Users/Jarkko/AppData/Local/UnrealEngine/4.25/DerivedDataCache/Boot.ddc.
[2020.07.17-08.30.16:813][  0]LogInit: Texture streaming: Enabled
[2020.07.17-08.30.16:868][  0]LogEngineSessionManager: EngineSessionManager initialized
[2020.07.17-08.30.16:868][  0]LogEditorSessionSummary: Verbose: Initializing EditorSessionSummaryWriter for editor session tracking
[2020.07.17-08.30.16:896][  0]LogEditorSessionSummary: EditorSessionSummaryWriter initialized
[2020.07.17-08.30.17:032][  0]LogInit: Transaction tracking system initialized
[2020.07.17-08.30.17:061][  0]BlueprintLog: New page: Editor Load
[2020.07.17-08.30.17:175][  0]LocalizationService: Localization service is disabled
[2020.07.17-08.30.17:426][  0]LogCook: Display: Max memory allowance for cook 16384mb min free memory 0mb
[2020.07.17-08.30.17:426][  0]LogCook: Display: Mobile HDR setting 1
[2020.07.17-08.30.17:646][  0]LogFileCache: Scanning file cache for directory 'E:/AwesomeTuts/Unreal-Engine-Tutorial---Create-A-2D-Game-In-Unreal-Engine/Snake2D/Content/' took 0.00s
[2020.07.17-08.30.17:946][  0]SourceControl: Source control is disabled
[2020.07.17-08.30.17:946][  0]LogUnrealEdMisc: Loading editor; pre map load, took 9.371
[2020.07.17-08.30.17:946][  0]Cmd: MAP LOAD FILE="E:/AwesomeTuts/Unreal-Engine-Tutorial---Create-A-2D-Game-In-Unreal-Engine/Snake2D/Content/StarterContent/Maps/Minimal_Default.umap" TEMPLATE=0 SHOWPROGRESS=1 FEATURELEVEL=3
[2020.07.17-08.30.17:946][  0]LogEditorServer: Warning: Can't find file 'E:/AwesomeTuts/Unreal-Engine-Tutorial---Create-A-2D-Game-In-Unreal-Engine/Snake2D/Content/StarterContent/Maps/Minimal_Default.umap'
[2020.07.17-08.30.17:946][  0]Cmd: MAP CHECKDEP NOCLEARLOG
[2020.07.17-08.30.17:946][  0]MapCheck: Map check complete: 0 Error(s), 0 Warning(s), took 0,168ms to complete.
[2020.07.17-08.30.17:946][  0]LogFileHelpers: Loading map 'Minimal_Default' took 0.001
[2020.07.17-08.30.17:948][  0]LogUnrealEdMisc: Total Editor Startup Time, took 9.373
[2020.07.17-08.30.18:189][  0]LogSlate: Updating window title bar state: overlay mode, drag disabled, window buttons hidden, title bar hidden
[2020.07.17-08.30.18:211][  0]LogSlate: Updating window title bar state: overlay mode, drag disabled, window buttons hidden, title bar hidden
[2020.07.17-08.30.18:230][  0]LogSlate: Updating window title bar state: overlay mode, drag disabled, window buttons hidden, title bar hidden
[2020.07.17-08.30.18:253][  0]LogSlate: Updating window title bar state: overlay mode, drag disabled, window buttons hidden, title bar hidden
[2020.07.17-08.30.18:290][  0]LogCollectionManager: Loaded 0 collections in 0.004283 seconds
[2020.07.17-08.30.18:314][  0]LogFileCache: Scanning file cache for directory 'E:/AwesomeTuts/Unreal-Engine-Tutorial---Create-A-2D-Game-In-Unreal-Engine/Snake2D/Saved/Collections/' took 0.00s
[2020.07.17-08.30.18:314][  0]LogFileCache: Scanning file cache for directory 'E:/AwesomeTuts/Unreal-Engine-Tutorial---Create-A-2D-Game-In-Unreal-Engine/Snake2D/Content/Developers/Jarkko/Collections/' took 0.00s
[2020.07.17-08.30.18:314][  0]LogFileCache: Scanning file cache for directory 'E:/AwesomeTuts/Unreal-Engine-Tutorial---Create-A-2D-Game-In-Unreal-Engine/Snake2D/Content/Collections/' took 0.00s
[2020.07.17-08.30.18:314][  0]LogContentBrowser: Native class hierarchy populated in 0.0152 seconds. Added 3426 classes and 820 folders.
[2020.07.17-08.30.18:319][  0]LogContentBrowser: Native class hierarchy updated for 'WidgetCarousel' in 0.0004 seconds. Added 0 classes and 0 folders.
[2020.07.17-08.30.18:649][  0]LogContentBrowser: Native class hierarchy updated for 'AddContentDialog' in 0.0003 seconds. Added 0 classes and 0 folders.
[2020.07.17-08.30.18:651][  0]LogContentBrowser: Native class hierarchy updated for 'SceneOutliner' in 0.0002 seconds. Added 2 classes and 0 folders.
[2020.07.17-08.30.18:786][  0]LogSlate: Took 0.000451 seconds to synchronously load lazily loaded font '../../../Engine/Content/Slate/Fonts/Roboto-Regular.ttf' (155K)
[2020.07.17-08.30.18:790][  0]LogSlate: Took 0.000339 seconds to synchronously load lazily loaded font '../../../Engine/Content/Slate/Fonts/Roboto-Bold.ttf' (160K)
[2020.07.17-08.30.18:800][  0]LogSlate: Took 0.003278 seconds to synchronously load lazily loaded font '../../../Engine/Content/Editor/Slate/Fonts/FontAwesome.ttf' (139K)
[2020.07.17-08.30.18:919][  0]LogRenderer: Reallocating scene render targets to support 1368x572 Format 10 NumSamples 1 (Frame:1).
[2020.07.17-08.30.19:162][  0]LogContentBrowser: Native class hierarchy updated for 'HierarchicalLODOutliner' in 0.0006 seconds. Added 0 classes and 0 folders.
[2020.07.17-08.30.19:162][  0]LogLoad: (Engine Initialization) Total time: 10.59 seconds
[2020.07.17-08.30.19:162][  0]LogLoad: (Engine Initialization) Total Blueprint compile time: 0.00 seconds
[2020.07.17-08.30.19:230][  0]LogContentStreaming: Texture pool size now 1000 MB
[2020.07.17-08.30.19:277][  0]LogSlate: Took 0.008827 seconds to synchronously load lazily loaded font '../../../Engine/Content/Slate/Fonts/Roboto-Light.ttf' (167K)
[2020.07.17-08.30.19:313][  1]LogAssetRegistry: Asset discovery search completed in 5.3049 seconds
[2020.07.17-08.30.19:322][  1]LogCollectionManager: Fixed up redirectors for 0 collections in 0.000006 seconds (updated 0 objects)
[2020.07.17-08.30.20:332][ 18]LogSlate: Took 0.000494 seconds to synchronously load lazily loaded font '../../../Engine/Content/Slate/Fonts/Roboto-Light.ttf' (167K)
[2020.07.17-08.30.22:932][102]LogAssetEditorSubsystem: Opening Asset editor for WidgetBlueprint /Game/Blueprints/BP_UI_HUD.BP_UI_HUD
[2020.07.17-08.30.23:631][102]LogContentBrowser: Native class hierarchy updated for 'BlueprintGraph' in 0.0006 seconds. Added 125 classes and 0 folders.
[2020.07.17-08.30.25:933][102]LogLinker: Warning: Failed to load '/Game/Maps/GamePlay.GamePlay:PersistentLevel.GamePlay': Can't resolve asset name
[2020.07.17-08.30.25:963][102]LogAssetEditorSubsystem: Opening Asset editor for UserDefinedEnum /Game/Blueprints/FoodColor_Enum.FoodColor_Enum
[2020.07.17-08.30.26:141][102]LogAssetEditorSubsystem: Opening Asset editor for Blueprint /Game/Blueprints/BP_Food.BP_Food
[2020.07.17-08.30.26:990][102]LogAssetEditorSubsystem: Opening Asset editor for Blueprint /Game/Blueprints/BP_Block.BP_Block
[2020.07.17-08.30.27:640][102]LogAssetEditorSubsystem: Opening Asset editor for Blueprint /Game/Blueprints/BP_SnakeBodyPart.BP_SnakeBodyPart
[2020.07.17-08.30.28:473][102]LogAssetEditorSubsystem: Opening Asset editor for Blueprint /Game/Blueprints/BP_MainGame.BP_MainGame
[2020.07.17-08.30.29:679][102]LogSlate: Took 0.000265 seconds to synchronously load lazily loaded font '../../../Engine/Content/Slate/Fonts/Roboto-BoldCondensed.ttf' (158K)
[2020.07.17-08.30.29:853][103]LogSlate: Took 0.002172 seconds to synchronously load lazily loaded font '../../../Engine/Content/Slate/Fonts/Roboto-Italic.ttf' (157K)
[2020.07.17-08.31.32:695][879]BlueprintLog: New page: Compile BP_MainGame
[2020.07.17-08.31.32:820][879]LogUObjectHash: Compacting FUObjectHashTables data took   4.75ms
[2020.07.17-08.31.34:079][894]Cmd: OBJ SAVEPACKAGE PACKAGE="/Game/Blueprints/BP_MainGame" FILE="E:/AwesomeTuts/Unreal-Engine-Tutorial---Create-A-2D-Game-In-Unreal-Engine/Snake2D/Content/Blueprints/BP_MainGame.uasset" SILENT=true
[2020.07.17-08.31.34:157][894]LogSavePackage: Moving 'E:/AwesomeTuts/Unreal-Engine-Tutorial---Create-A-2D-Game-In-Unreal-Engine/Snake2D/Saved/BP_MainGameABCE53FE48EE7B13BAB4BCAD0F39F8A4.tmp' to 'E:/AwesomeTuts/Unreal-Engine-Tutorial---Create-A-2D-Game-In-Unreal-Engine/Snake2D/Content/Blueprints/BP_MainGame.uasset'
[2020.07.17-08.31.34:183][894]AssetCheck: New page: Asset Save: BP_MainGame
[2020.07.17-08.31.34:183][894]LogContentValidation: Display: Validating Blueprint /Game/Blueprints/BP_MainGame.BP_MainGame
[2020.07.17-08.32.37:105][877]LogEditorTransaction: Undo Create Pin Link
[2020.07.17-08.33.22:044][529]BlueprintLog: New page: Compile BP_MainGame
[2020.07.17-08.33.22:153][529]LogUObjectHash: Compacting FUObjectHashTables data took   5.93ms
[2020.07.17-08.33.23:152][540]Cmd: OBJ SAVEPACKAGE PACKAGE="/Game/Blueprints/BP_MainGame" FILE="E:/AwesomeTuts/Unreal-Engine-Tutorial---Create-A-2D-Game-In-Unreal-Engine/Snake2D/Content/Blueprints/BP_MainGame.uasset" SILENT=true
[2020.07.17-08.33.23:229][540]LogSavePackage: Moving 'E:/AwesomeTuts/Unreal-Engine-Tutorial---Create-A-2D-Game-In-Unreal-Engine/Snake2D/Saved/BP_MainGameF5DD401948B82A27590D179C52E0B4CD.tmp' to 'E:/AwesomeTuts/Unreal-Engine-Tutorial---Create-A-2D-Game-In-Unreal-Engine/Snake2D/Content/Blueprints/BP_MainGame.uasset'
[2020.07.17-08.33.23:252][540]AssetCheck: New page: Asset Save: BP_MainGame
[2020.07.17-08.33.23:252][540]LogContentValidation: Display: Validating Blueprint /Game/Blueprints/BP_MainGame.BP_MainGame
[2020.07.17-08.33.25:505][586]LogUObjectHash: Compacting FUObjectHashTables data took   3.79ms
[2020.07.17-08.35.24:406][271]BlueprintLog: New page: Compile BP_MainGame
[2020.07.17-08.35.24:499][271]LogUObjectHash: Compacting FUObjectHashTables data took   4.71ms
[2020.07.17-08.35.26:234][291]Cmd: OBJ SAVEPACKAGE PACKAGE="/Game/Blueprints/BP_MainGame" FILE="E:/AwesomeTuts/Unreal-Engine-Tutorial---Create-A-2D-Game-In-Unreal-Engine/Snake2D/Content/Blueprints/BP_MainGame.uasset" SILENT=true
[2020.07.17-08.35.26:312][291]LogSavePackage: Moving 'E:/AwesomeTuts/Unreal-Engine-Tutorial---Create-A-2D-Game-In-Unreal-Engine/Snake2D/Saved/BP_MainGame0B6424634BF70D5CD1D28EB88E3F54CB.tmp' to 'E:/AwesomeTuts/Unreal-Engine-Tutorial---Create-A-2D-Game-In-Unreal-Engine/Snake2D/Content/Blueprints/BP_MainGame.uasset'
[2020.07.17-08.35.26:338][291]AssetCheck: New page: Asset Save: BP_MainGame
[2020.07.17-08.35.26:338][291]LogContentValidation: Display: Validating Blueprint /Game/Blueprints/BP_MainGame.BP_MainGame
[2020.07.17-08.36.09:983][867]BlueprintLog: New page: Compile BP_MainGame
[2020.07.17-08.36.10:089][867]LogUObjectHash: Compacting FUObjectHashTables data took   4.34ms
[2020.07.17-08.36.10:960][878]Cmd: OBJ SAVEPACKAGE PACKAGE="/Game/Blueprints/BP_MainGame" FILE="E:/AwesomeTuts/Unreal-Engine-Tutorial---Create-A-2D-Game-In-Unreal-Engine/Snake2D/Content/Blueprints/BP_MainGame.uasset" SILENT=true
[2020.07.17-08.36.11:038][878]LogSavePackage: Moving 'E:/AwesomeTuts/Unreal-Engine-Tutorial---Create-A-2D-Game-In-Unreal-Engine/Snake2D/Saved/BP_MainGameD940A987454AA8CA172E809F2D3C1530.tmp' to 'E:/AwesomeTuts/Unreal-Engine-Tutorial---Create-A-2D-Game-In-Unreal-Engine/Snake2D/Content/Blueprints/BP_MainGame.uasset'
[2020.07.17-08.36.11:059][878]AssetCheck: New page: Asset Save: BP_MainGame
[2020.07.17-08.36.11:059][878]LogContentValidation: Display: Validating Blueprint /Game/Blueprints/BP_MainGame.BP_MainGame
[2020.07.17-08.36.17:637][979]LogUObjectHash: Compacting FUObjectHashTables data took   3.97ms
[2020.07.17-08.36.55:870][491]BlueprintLog: New page: Compile BP_MainGame
[2020.07.17-08.36.55:968][491]LogUObjectHash: Compacting FUObjectHashTables data took   3.41ms
[2020.07.17-08.36.56:808][500]Cmd: OBJ SAVEPACKAGE PACKAGE="/Game/Blueprints/BP_MainGame" FILE="E:/AwesomeTuts/Unreal-Engine-Tutorial---Create-A-2D-Game-In-Unreal-Engine/Snake2D/Content/Blueprints/BP_MainGame.uasset" SILENT=true
[2020.07.17-08.36.56:891][500]LogSavePackage: Moving 'E:/AwesomeTuts/Unreal-Engine-Tutorial---Create-A-2D-Game-In-Unreal-Engine/Snake2D/Saved/BP_MainGame0BCE1CE5436B50AACF16AA840DFE0A00.tmp' to 'E:/AwesomeTuts/Unreal-Engine-Tutorial---Create-A-2D-Game-In-Unreal-Engine/Snake2D/Content/Blueprints/BP_MainGame.uasset'
[2020.07.17-08.36.56:912][500]AssetCheck: New page: Asset Save: BP_MainGame
[2020.07.17-08.36.56:912][500]LogContentValidation: Display: Validating Blueprint /Game/Blueprints/BP_MainGame.BP_MainGame
[2020.07.17-08.38.05:581][547]BlueprintLog: New page: Compile BP_MainGame
[2020.07.17-08.38.05:682][547]LogUObjectHash: Compacting FUObjectHashTables data took   4.25ms
[2020.07.17-08.38.06:664][558]Cmd: OBJ SAVEPACKAGE PACKAGE="/Game/Blueprints/BP_MainGame" FILE="E:/AwesomeTuts/Unreal-Engine-Tutorial---Create-A-2D-Game-In-Unreal-Engine/Snake2D/Content/Blueprints/BP_MainGame.uasset" SILENT=true
[2020.07.17-08.38.06:744][558]LogSavePackage: Moving 'E:/AwesomeTuts/Unreal-Engine-Tutorial---Create-A-2D-Game-In-Unreal-Engine/Snake2D/Saved/BP_MainGame37F394D749AA362B8E6B0F87480E8190.tmp' to 'E:/AwesomeTuts/Unreal-Engine-Tutorial---Create-A-2D-Game-In-Unreal-Engine/Snake2D/Content/Blueprints/BP_MainGame.uasset'
[2020.07.17-08.38.06:767][558]AssetCheck: New page: Asset Save: BP_MainGame
[2020.07.17-08.38.06:767][558]LogContentValidation: Display: Validating Blueprint /Game/Blueprints/BP_MainGame.BP_MainGame
[2020.07.17-08.39.33:153][229]BlueprintLog: New page: Compile BP_MainGame
[2020.07.17-08.39.33:252][229]LogUObjectHash: Compacting FUObjectHashTables data took   4.30ms
[2020.07.17-08.39.34:343][242]Cmd: OBJ SAVEPACKAGE PACKAGE="/Game/Blueprints/BP_MainGame" FILE="E:/AwesomeTuts/Unreal-Engine-Tutorial---Create-A-2D-Game-In-Unreal-Engine/Snake2D/Content/Blueprints/BP_MainGame.uasset" SILENT=true
[2020.07.17-08.39.34:425][242]LogSavePackage: Moving 'E:/AwesomeTuts/Unreal-Engine-Tutorial---Create-A-2D-Game-In-Unreal-Engine/Snake2D/Saved/BP_MainGameF0485A504DB48C1DB5F783BD4613B9D7.tmp' to 'E:/AwesomeTuts/Unreal-Engine-Tutorial---Create-A-2D-Game-In-Unreal-Engine/Snake2D/Content/Blueprints/BP_MainGame.uasset'
[2020.07.17-08.39.34:452][242]AssetCheck: New page: Asset Save: BP_MainGame
[2020.07.17-08.39.34:452][242]LogContentValidation: Display: Validating Blueprint /Game/Blueprints/BP_MainGame.BP_MainGame
[2020.07.17-08.40.00:169][606]LogUObjectHash: Compacting FUObjectHashTables data took   5.08ms
[2020.07.17-08.40.00:193][606]Cmd: OBJ SAVEPACKAGE PACKAGE="/Game/Blueprints/BP_MainGame" FILE="E:/AwesomeTuts/Unreal-Engine-Tutorial---Create-A-2D-Game-In-Unreal-Engine/Snake2D/Content/Blueprints/BP_MainGame.uasset" SILENT=true
[2020.07.17-08.40.00:274][606]LogSavePackage: Moving 'E:/AwesomeTuts/Unreal-Engine-Tutorial---Create-A-2D-Game-In-Unreal-Engine/Snake2D/Saved/BP_MainGame66940D3244FB5CECB20EEBB4D70DB1AD.tmp' to 'E:/AwesomeTuts/Unreal-Engine-Tutorial---Create-A-2D-Game-In-Unreal-Engine/Snake2D/Content/Blueprints/BP_MainGame.uasset'
[2020.07.17-08.40.00:298][606]AssetCheck: New page: Asset Save: BP_MainGame
[2020.07.17-08.40.00:299][606]LogContentValidation: Display: Validating Blueprint /Game/Blueprints/BP_MainGame.BP_MainGame
[2020.07.17-08.40.30:118][131]BlueprintLog: New page: Compile BP_MainGame
[2020.07.17-08.40.30:246][131]LogUObjectHash: Compacting FUObjectHashTables data took   3.97ms
[2020.07.17-08.40.31:050][141]Cmd: OBJ SAVEPACKAGE PACKAGE="/Game/Blueprints/BP_MainGame" FILE="E:/AwesomeTuts/Unreal-Engine-Tutorial---Create-A-2D-Game-In-Unreal-Engine/Snake2D/Content/Blueprints/BP_MainGame.uasset" SILENT=true
[2020.07.17-08.40.31:186][141]LogSavePackage: Moving 'E:/AwesomeTuts/Unreal-Engine-Tutorial---Create-A-2D-Game-In-Unreal-Engine/Snake2D/Saved/BP_MainGame57B1C5B14BB3F62A9065D1857500223A.tmp' to 'E:/AwesomeTuts/Unreal-Engine-Tutorial---Create-A-2D-Game-In-Unreal-Engine/Snake2D/Content/Blueprints/BP_MainGame.uasset'
[2020.07.17-08.40.31:230][141]AssetCheck: New page: Asset Save: BP_MainGame
[2020.07.17-08.40.31:231][141]LogContentValidation: Display: Validating Blueprint /Game/Blueprints/BP_MainGame.BP_MainGame
[2020.07.17-08.42.10:609][537]BlueprintLog: New page: Compile BP_MainGame
[2020.07.17-08.42.10:710][537]LogUObjectHash: Compacting FUObjectHashTables data took   4.03ms
[2020.07.17-08.42.11:732][551]Cmd: OBJ SAVEPACKAGE PACKAGE="/Game/Blueprints/BP_MainGame" FILE="E:/AwesomeTuts/Unreal-Engine-Tutorial---Create-A-2D-Game-In-Unreal-Engine/Snake2D/Content/Blueprints/BP_MainGame.uasset" SILENT=true
[2020.07.17-08.42.11:873][551]LogSavePackage: Moving 'E:/AwesomeTuts/Unreal-Engine-Tutorial---Create-A-2D-Game-In-Unreal-Engine/Snake2D/Saved/BP_MainGame767B14A94A8F65E195DB30BA1831D20F.tmp' to 'E:/AwesomeTuts/Unreal-Engine-Tutorial---Create-A-2D-Game-In-Unreal-Engine/Snake2D/Content/Blueprints/BP_MainGame.uasset'
[2020.07.17-08.42.11:900][551]AssetCheck: New page: Asset Save: BP_MainGame
[2020.07.17-08.42.11:900][551]LogContentValidation: Display: Validating Blueprint /Game/Blueprints/BP_MainGame.BP_MainGame
[2020.07.17-08.42.17:349][653]LogUObjectHash: Compacting FUObjectHashTables data took   4.17ms
[2020.07.17-08.43.16:403][524]BlueprintLog: New page: Compile BP_MainGame
[2020.07.17-08.43.16:503][524]LogUObjectHash: Compacting FUObjectHashTables data took   4.18ms
[2020.07.17-08.43.17:542][537]Cmd: OBJ SAVEPACKAGE PACKAGE="/Game/Blueprints/BP_MainGame" FILE="E:/AwesomeTuts/Unreal-Engine-Tutorial---Create-A-2D-Game-In-Unreal-Engine/Snake2D/Content/Blueprints/BP_MainGame.uasset" SILENT=true
[2020.07.17-08.43.17:627][537]LogSavePackage: Moving 'E:/AwesomeTuts/Unreal-Engine-Tutorial---Create-A-2D-Game-In-Unreal-Engine/Snake2D/Saved/BP_MainGameB2E2E4604C379B9DF82BF189F503098D.tmp' to 'E:/AwesomeTuts/Unreal-Engine-Tutorial---Create-A-2D-Game-In-Unreal-Engine/Snake2D/Content/Blueprints/BP_MainGame.uasset'
[2020.07.17-08.43.17:648][537]AssetCheck: New page: Asset Save: BP_MainGame
[2020.07.17-08.43.17:648][537]LogContentValidation: Display: Validating Blueprint /Game/Blueprints/BP_MainGame.BP_MainGame
[2020.07.17-08.43.50:846][966]BlueprintLog: New page: Compile BP_MainGame
[2020.07.17-08.43.50:943][966]LogUObjectHash: Compacting FUObjectHashTables data took   3.98ms
[2020.07.17-08.43.51:988][979]Cmd: OBJ SAVEPACKAGE PACKAGE="/Game/Blueprints/BP_MainGame" FILE="E:/AwesomeTuts/Unreal-Engine-Tutorial---Create-A-2D-Game-In-Unreal-Engine/Snake2D/Content/Blueprints/BP_MainGame.uasset" SILENT=true
[2020.07.17-08.43.52:073][979]LogSavePackage: Moving 'E:/AwesomeTuts/Unreal-Engine-Tutorial---Create-A-2D-Game-In-Unreal-Engine/Snake2D/Saved/BP_MainGame487DEEEA40DC270BFCE65F9CEC6CFFDE.tmp' to 'E:/AwesomeTuts/Unreal-Engine-Tutorial---Create-A-2D-Game-In-Unreal-Engine/Snake2D/Content/Blueprints/BP_MainGame.uasset'
[2020.07.17-08.43.52:097][979]AssetCheck: New page: Asset Save: BP_MainGame
[2020.07.17-08.43.52:097][979]LogContentValidation: Display: Validating Blueprint /Game/Blueprints/BP_MainGame.BP_MainGame
[2020.07.17-08.44.29:588][467]BlueprintLog: New page: Compile BP_MainGame
[2020.07.17-08.44.29:695][467]LogUObjectHash: Compacting FUObjectHashTables data took   4.20ms
[2020.07.17-08.44.30:797][480]Cmd: OBJ SAVEPACKAGE PACKAGE="/Game/Blueprints/BP_MainGame" FILE="E:/AwesomeTuts/Unreal-Engine-Tutorial---Create-A-2D-Game-In-Unreal-Engine/Snake2D/Content/Blueprints/BP_MainGame.uasset" SILENT=true
[2020.07.17-08.44.30:881][480]LogSavePackage: Moving 'E:/AwesomeTuts/Unreal-Engine-Tutorial---Create-A-2D-Game-In-Unreal-Engine/Snake2D/Saved/BP_MainGameC4B6F7AA439B7A78A83404AAFFA012B8.tmp' to 'E:/AwesomeTuts/Unreal-Engine-Tutorial---Create-A-2D-Game-In-Unreal-Engine/Snake2D/Content/Blueprints/BP_MainGame.uasset'
[2020.07.17-08.44.30:904][480]AssetCheck: New page: Asset Save: BP_MainGame
[2020.07.17-08.44.30:904][480]LogContentValidation: Display: Validating Blueprint /Game/Blueprints/BP_MainGame.BP_MainGame
[2020.07.17-08.46.46:614][535]BlueprintLog: New page: Compile BP_MainGame
[2020.07.17-08.46.46:731][535]LogUObjectHash: Compacting FUObjectHashTables data took   4.48ms
[2020.07.17-08.46.47:658][546]Cmd: OBJ SAVEPACKAGE PACKAGE="/Game/Blueprints/BP_MainGame" FILE="E:/AwesomeTuts/Unreal-Engine-Tutorial---Create-A-2D-Game-In-Unreal-Engine/Snake2D/Content/Blueprints/BP_MainGame.uasset" SILENT=true
[2020.07.17-08.46.47:772][546]LogSavePackage: Moving 'E:/AwesomeTuts/Unreal-Engine-Tutorial---Create-A-2D-Game-In-Unreal-Engine/Snake2D/Saved/BP_MainGame3406A8754C1CACE8A3629BB7347A6AA6.tmp' to 'E:/AwesomeTuts/Unreal-Engine-Tutorial---Create-A-2D-Game-In-Unreal-Engine/Snake2D/Content/Blueprints/BP_MainGame.uasset'
[2020.07.17-08.46.47:802][546]AssetCheck: New page: Asset Save: BP_MainGame
[2020.07.17-08.46.47:802][546]LogContentValidation: Display: Validating Blueprint /Game/Blueprints/BP_MainGame.BP_MainGame
[2020.07.17-08.48.15:183][ 72]LogUObjectHash: Compacting FUObjectHashTables data took   3.85ms
[2020.07.17-08.48.15:186][ 72]LogFileHelpers: Editor autosave (incl. sublevels) for '/Temp/Untitled_0' took 0.041
[2020.07.17-08.48.15:187][ 72]OBJ SavePackage: Generating thumbnails for [0] asset(s) in package [/Game/Blueprints/BP_MainGame] ([1] browsable assets)...
[2020.07.17-08.48.15:187][ 72]OBJ SavePackage: Finished generating thumbnails for package [/Game/Blueprints/BP_MainGame]
[2020.07.17-08.48.15:277][ 72]LogSavePackage: Moving 'E:/AwesomeTuts/Unreal-Engine-Tutorial---Create-A-2D-Game-In-Unreal-Engine/Snake2D/Saved/BP_MainGame_Auto1E1B0AF46461F5B9CB4D22BB523570D42.tmp' to 'E:/AwesomeTuts/Unreal-Engine-Tutorial---Create-A-2D-Game-In-Unreal-Engine/Snake2D/Saved/Autosaves/Game/Blueprints/BP_MainGame_Auto1.uasset'
[2020.07.17-08.48.15:279][ 72]LogFileHelpers: Auto-saving content packages took 0.093
[2020.07.17-08.49.50:688][963]BlueprintLog: New page: Compile BP_MainGame
[2020.07.17-08.49.50:799][963]LogUObjectHash: Compacting FUObjectHashTables data took   3.26ms
[2020.07.17-08.49.51:742][974]Cmd: OBJ SAVEPACKAGE PACKAGE="/Game/Blueprints/BP_MainGame" FILE="E:/AwesomeTuts/Unreal-Engine-Tutorial---Create-A-2D-Game-In-Unreal-Engine/Snake2D/Content/Blueprints/BP_MainGame.uasset" SILENT=true
[2020.07.17-08.49.51:832][974]LogSavePackage: Moving 'E:/AwesomeTuts/Unreal-Engine-Tutorial---Create-A-2D-Game-In-Unreal-Engine/Snake2D/Saved/BP_MainGameCE2FCD7242A88F4F771861AA4EC06B50.tmp' to 'E:/AwesomeTuts/Unreal-Engine-Tutorial---Create-A-2D-Game-In-Unreal-Engine/Snake2D/Content/Blueprints/BP_MainGame.uasset'
[2020.07.17-08.49.51:857][974]AssetCheck: New page: Asset Save: BP_MainGame
[2020.07.17-08.49.51:857][974]LogContentValidation: Display: Validating Blueprint /Game/Blueprints/BP_MainGame.BP_MainGame
[2020.07.17-08.49.54:078][ 23]LogUObjectHash: Compacting FUObjectHashTables data took   4.15ms
[2020.07.17-08.51.34:817][ 70]BlueprintLog: New page: Compile BP_MainGame
[2020.07.17-08.51.34:921][ 70]LogUObjectHash: Compacting FUObjectHashTables data took   3.20ms
[2020.07.17-08.51.35:956][ 82]Cmd: OBJ SAVEPACKAGE PACKAGE="/Game/Blueprints/BP_MainGame" FILE="E:/AwesomeTuts/Unreal-Engine-Tutorial---Create-A-2D-Game-In-Unreal-Engine/Snake2D/Content/Blueprints/BP_MainGame.uasset" SILENT=true
[2020.07.17-08.51.36:047][ 82]LogSavePackage: Moving 'E:/AwesomeTuts/Unreal-Engine-Tutorial---Create-A-2D-Game-In-Unreal-Engine/Snake2D/Saved/BP_MainGameD0922F7D441006FEA89C6EBB48428054.tmp' to 'E:/AwesomeTuts/Unreal-Engine-Tutorial---Create-A-2D-Game-In-Unreal-Engine/Snake2D/Content/Blueprints/BP_MainGame.uasset'
[2020.07.17-08.51.36:069][ 82]AssetCheck: New page: Asset Save: BP_MainGame
[2020.07.17-08.51.36:070][ 82]LogContentValidation: Display: Validating Blueprint /Game/Blueprints/BP_MainGame.BP_MainGame
[2020.07.17-08.52.22:971][938]BlueprintLog: New page: Compile BP_MainGame
[2020.07.17-08.52.23:080][938]LogUObjectHash: Compacting FUObjectHashTables data took   4.08ms
[2020.07.17-08.52.24:062][949]Cmd: OBJ SAVEPACKAGE PACKAGE="/Game/Blueprints/BP_MainGame" FILE="E:/AwesomeTuts/Unreal-Engine-Tutorial---Create-A-2D-Game-In-Unreal-Engine/Snake2D/Content/Blueprints/BP_MainGame.uasset" SILENT=true
[2020.07.17-08.52.24:155][949]LogSavePackage: Moving 'E:/AwesomeTuts/Unreal-Engine-Tutorial---Create-A-2D-Game-In-Unreal-Engine/Snake2D/Saved/BP_MainGame077A28E64C69DBC7E4AF16ABC7B96193.tmp' to 'E:/AwesomeTuts/Unreal-Engine-Tutorial---Create-A-2D-Game-In-Unreal-Engine/Snake2D/Content/Blueprints/BP_MainGame.uasset'
[2020.07.17-08.52.24:180][949]AssetCheck: New page: Asset Save: BP_MainGame
[2020.07.17-08.52.24:180][949]LogContentValidation: Display: Validating Blueprint /Game/Blueprints/BP_MainGame.BP_MainGame
[2020.07.17-08.52.42:594][233]BlueprintLog: New page: Compile BP_MainGame
[2020.07.17-08.52.42:703][233]LogUObjectHash: Compacting FUObjectHashTables data took   4.15ms
[2020.07.17-08.52.43:568][243]Cmd: OBJ SAVEPACKAGE PACKAGE="/Game/Blueprints/BP_MainGame" FILE="E:/AwesomeTuts/Unreal-Engine-Tutorial---Create-A-2D-Game-In-Unreal-Engine/Snake2D/Content/Blueprints/BP_MainGame.uasset" SILENT=true
[2020.07.17-08.52.43:660][243]LogSavePackage: Moving 'E:/AwesomeTuts/Unreal-Engine-Tutorial---Create-A-2D-Game-In-Unreal-Engine/Snake2D/Saved/BP_MainGame3B7A725B4EFE92A637CD52AE3B29D52D.tmp' to 'E:/AwesomeTuts/Unreal-Engine-Tutorial---Create-A-2D-Game-In-Unreal-Engine/Snake2D/Content/Blueprints/BP_MainGame.uasset'
[2020.07.17-08.52.43:680][243]AssetCheck: New page: Asset Save: BP_MainGame
[2020.07.17-08.52.43:680][243]LogContentValidation: Display: Validating Blueprint /Game/Blueprints/BP_MainGame.BP_MainGame
[2020.07.17-08.52.45:746][284]LogUObjectHash: Compacting FUObjectHashTables data took   4.11ms
[2020.07.17-08.55.37:497][454]LogEditorTransaction: Undo Add Node
[2020.07.17-08.56.33:741][801]BlueprintLog: New page: Compile BP_MainGame
[2020.07.17-08.56.33:855][801]LogUObjectHash: Compacting FUObjectHashTables data took   4.42ms
[2020.07.17-08.56.34:835][813]Cmd: OBJ SAVEPACKAGE PACKAGE="/Game/Blueprints/BP_MainGame" FILE="E:/AwesomeTuts/Unreal-Engine-Tutorial---Create-A-2D-Game-In-Unreal-Engine/Snake2D/Content/Blueprints/BP_MainGame.uasset" SILENT=true
[2020.07.17-08.56.34:936][813]LogSavePackage: Moving 'E:/AwesomeTuts/Unreal-Engine-Tutorial---Create-A-2D-Game-In-Unreal-Engine/Snake2D/Saved/BP_MainGame23A01C414335EC50F61F1D96FE56B0E3.tmp' to 'E:/AwesomeTuts/Unreal-Engine-Tutorial---Create-A-2D-Game-In-Unreal-Engine/Snake2D/Content/Blueprints/BP_MainGame.uasset'
[2020.07.17-08.56.34:962][813]AssetCheck: New page: Asset Save: BP_MainGame
[2020.07.17-08.56.34:962][813]LogContentValidation: Display: Validating Blueprint /Game/Blueprints/BP_MainGame.BP_MainGame
[2020.07.17-08.58.34:063][224]BlueprintLog: New page: Compile BP_MainGame
[2020.07.17-08.58.34:185][224]LogUObjectHash: Compacting FUObjectHashTables data took   4.17ms
[2020.07.17-08.58.35:243][236]Cmd: OBJ SAVEPACKAGE PACKAGE="/Game/Blueprints/BP_MainGame" FILE="E:/AwesomeTuts/Unreal-Engine-Tutorial---Create-A-2D-Game-In-Unreal-Engine/Snake2D/Content/Blueprints/BP_MainGame.uasset" SILENT=true
[2020.07.17-08.58.35:344][236]LogSavePackage: Moving 'E:/AwesomeTuts/Unreal-Engine-Tutorial---Create-A-2D-Game-In-Unreal-Engine/Snake2D/Saved/BP_MainGameC5EF105A49B08ACA67FAB8A984BBB813.tmp' to 'E:/AwesomeTuts/Unreal-Engine-Tutorial---Create-A-2D-Game-In-Unreal-Engine/Snake2D/Content/Blueprints/BP_MainGame.uasset'
[2020.07.17-08.58.35:367][236]AssetCheck: New page: Asset Save: BP_MainGame
[2020.07.17-08.58.35:367][236]LogContentValidation: Display: Validating Blueprint /Game/Blueprints/BP_MainGame.BP_MainGame
[2020.07.17-08.58.47:100][406]LogUObjectHash: Compacting FUObjectHashTables data took   4.46ms
[2020.07.17-08.59.04:253][632]BlueprintLog: New page: Compile BP_MainGame
[2020.07.17-08.59.04:353][632]LogUObjectHash: Compacting FUObjectHashTables data took   3.11ms
[2020.07.17-08.59.05:164][643]Cmd: OBJ SAVEPACKAGE PACKAGE="/Game/Blueprints/BP_MainGame" FILE="E:/AwesomeTuts/Unreal-Engine-Tutorial---Create-A-2D-Game-In-Unreal-Engine/Snake2D/Content/Blueprints/BP_MainGame.uasset" SILENT=true
[2020.07.17-08.59.05:357][643]LogSavePackage: Moving 'E:/AwesomeTuts/Unreal-Engine-Tutorial---Create-A-2D-Game-In-Unreal-Engine/Snake2D/Saved/BP_MainGameD3CEEE0C4CF1A81EBD594B9D8A76D28F.tmp' to 'E:/AwesomeTuts/Unreal-Engine-Tutorial---Create-A-2D-Game-In-Unreal-Engine/Snake2D/Content/Blueprints/BP_MainGame.uasset'
[2020.07.17-08.59.05:384][643]AssetCheck: New page: Asset Save: BP_MainGame
[2020.07.17-08.59.05:384][643]LogContentValidation: Display: Validating Blueprint /Game/Blueprints/BP_MainGame.BP_MainGame
[2020.07.17-09.00.25:910][977]BlueprintLog: New page: Compile BP_MainGame
[2020.07.17-09.00.26:026][977]LogUObjectHash: Compacting FUObjectHashTables data took   4.59ms
[2020.07.17-09.00.26:951][988]Cmd: OBJ SAVEPACKAGE PACKAGE="/Game/Blueprints/BP_MainGame" FILE="E:/AwesomeTuts/Unreal-Engine-Tutorial---Create-A-2D-Game-In-Unreal-Engine/Snake2D/Content/Blueprints/BP_MainGame.uasset" SILENT=true
[2020.07.17-09.00.27:055][988]LogSavePackage: Moving 'E:/AwesomeTuts/Unreal-Engine-Tutorial---Create-A-2D-Game-In-Unreal-Engine/Snake2D/Saved/BP_MainGameA1E808BF4E9D873BE8C36C8C4638DF40.tmp' to 'E:/AwesomeTuts/Unreal-Engine-Tutorial---Create-A-2D-Game-In-Unreal-Engine/Snake2D/Content/Blueprints/BP_MainGame.uasset'
[2020.07.17-09.00.27:078][988]AssetCheck: New page: Asset Save: BP_MainGame
[2020.07.17-09.00.27:078][988]LogContentValidation: Display: Validating Blueprint /Game/Blueprints/BP_MainGame.BP_MainGame
[2020.07.17-09.01.01:989][456]BlueprintLog: New page: Compile BP_MainGame
[2020.07.17-09.01.02:096][456]LogUObjectHash: Compacting FUObjectHashTables data took   4.97ms
[2020.07.17-09.01.02:995][466]Cmd: OBJ SAVEPACKAGE PACKAGE="/Game/Blueprints/BP_MainGame" FILE="E:/AwesomeTuts/Unreal-Engine-Tutorial---Create-A-2D-Game-In-Unreal-Engine/Snake2D/Content/Blueprints/BP_MainGame.uasset" SILENT=true
[2020.07.17-09.01.03:096][466]LogSavePackage: Moving 'E:/AwesomeTuts/Unreal-Engine-Tutorial---Create-A-2D-Game-In-Unreal-Engine/Snake2D/Saved/BP_MainGameD5ADD4304AED75E3472E2E97B57584CB.tmp' to 'E:/AwesomeTuts/Unreal-Engine-Tutorial---Create-A-2D-Game-In-Unreal-Engine/Snake2D/Content/Blueprints/BP_MainGame.uasset'
[2020.07.17-09.01.03:119][466]AssetCheck: New page: Asset Save: BP_MainGame
[2020.07.17-09.01.03:119][466]LogContentValidation: Display: Validating Blueprint /Game/Blueprints/BP_MainGame.BP_MainGame
[2020.07.17-09.01.07:249][537]LogUObjectHash: Compacting FUObjectHashTables data took   3.80ms
[2020.07.17-09.02.15:719][579]BlueprintLog: New page: Compile BP_MainGame
[2020.07.17-09.02.15:836][579]LogUObjectHash: Compacting FUObjectHashTables data took   4.18ms
[2020.07.17-09.02.16:594][588]Cmd: OBJ SAVEPACKAGE PACKAGE="/Game/Blueprints/BP_MainGame" FILE="E:/AwesomeTuts/Unreal-Engine-Tutorial---Create-A-2D-Game-In-Unreal-Engine/Snake2D/Content/Blueprints/BP_MainGame.uasset" SILENT=true
[2020.07.17-09.02.16:703][588]LogSavePackage: Moving 'E:/AwesomeTuts/Unreal-Engine-Tutorial---Create-A-2D-Game-In-Unreal-Engine/Snake2D/Saved/BP_MainGameF91951CC41ECE581F4C4EC9BB525B0C8.tmp' to 'E:/AwesomeTuts/Unreal-Engine-Tutorial---Create-A-2D-Game-In-Unreal-Engine/Snake2D/Content/Blueprints/BP_MainGame.uasset'
[2020.07.17-09.02.16:731][588]AssetCheck: New page: Asset Save: BP_MainGame
[2020.07.17-09.02.16:731][588]LogContentValidation: Display: Validating Blueprint /Game/Blueprints/BP_MainGame.BP_MainGame
[2020.07.17-09.04.48:199][361]BlueprintLog: New page: Compile BP_MainGame
[2020.07.17-09.04.48:327][361]LogUObjectHash: Compacting FUObjectHashTables data took   4.34ms
[2020.07.17-09.04.49:272][372]Cmd: OBJ SAVEPACKAGE PACKAGE="/Game/Blueprints/BP_MainGame" FILE="E:/AwesomeTuts/Unreal-Engine-Tutorial---Create-A-2D-Game-In-Unreal-Engine/Snake2D/Content/Blueprints/BP_MainGame.uasset" SILENT=true
[2020.07.17-09.04.49:380][372]LogSavePackage: Moving 'E:/AwesomeTuts/Unreal-Engine-Tutorial---Create-A-2D-Game-In-Unreal-Engine/Snake2D/Saved/BP_MainGame0B2F34EA4F68AB17EEDE7884E3F6B4A8.tmp' to 'E:/AwesomeTuts/Unreal-Engine-Tutorial---Create-A-2D-Game-In-Unreal-Engine/Snake2D/Content/Blueprints/BP_MainGame.uasset'
[2020.07.17-09.04.49:403][372]AssetCheck: New page: Asset Save: BP_MainGame
[2020.07.17-09.04.49:403][372]LogContentValidation: Display: Validating Blueprint /Game/Blueprints/BP_MainGame.BP_MainGame
[2020.07.17-09.05.10:337][629]BlueprintLog: New page: Compile BP_MainGame
[2020.07.17-09.05.10:461][629]LogUObjectHash: Compacting FUObjectHashTables data took   4.78ms
[2020.07.17-09.05.11:065][636]Cmd: OBJ SAVEPACKAGE PACKAGE="/Game/Blueprints/BP_MainGame" FILE="E:/AwesomeTuts/Unreal-Engine-Tutorial---Create-A-2D-Game-In-Unreal-Engine/Snake2D/Content/Blueprints/BP_MainGame.uasset" SILENT=true
[2020.07.17-09.05.11:172][636]LogSavePackage: Moving 'E:/AwesomeTuts/Unreal-Engine-Tutorial---Create-A-2D-Game-In-Unreal-Engine/Snake2D/Saved/BP_MainGame1665917E476BB87DF494D38B76E682D0.tmp' to 'E:/AwesomeTuts/Unreal-Engine-Tutorial---Create-A-2D-Game-In-Unreal-Engine/Snake2D/Content/Blueprints/BP_MainGame.uasset'
[2020.07.17-09.05.11:193][636]AssetCheck: New page: Asset Save: BP_MainGame
[2020.07.17-09.05.11:193][636]LogContentValidation: Display: Validating Blueprint /Game/Blueprints/BP_MainGame.BP_MainGame
[2020.07.17-09.05.13:880][700]LogUObjectHash: Compacting FUObjectHashTables data took   3.93ms
[2020.07.17-09.05.23:925][871]LogEditorTransaction: Undo Move Node
[2020.07.17-09.05.25:481][908]LogEditorTransaction: Undo Add In Parameter
[2020.07.17-09.07.53:470][935]LogUObjectHash: Compacting FUObjectHashTables data took   5.60ms
[2020.07.17-09.07.53:473][935]LogFileHelpers: Editor autosave (incl. sublevels) for '/Temp/Untitled_0' took 0.058
[2020.07.17-09.07.53:473][935]OBJ SavePackage: Generating thumbnails for [0] asset(s) in package [/Game/Blueprints/BP_MainGame] ([1] browsable assets)...
[2020.07.17-09.07.53:474][935]OBJ SavePackage: Finished generating thumbnails for package [/Game/Blueprints/BP_MainGame]
[2020.07.17-09.07.53:605][935]LogSavePackage: Moving 'E:/AwesomeTuts/Unreal-Engine-Tutorial---Create-A-2D-Game-In-Unreal-Engine/Snake2D/Saved/BP_MainGame_Auto226E241B14DC4E8BBACD4D4A4DADF4B6B.tmp' to 'E:/AwesomeTuts/Unreal-Engine-Tutorial---Create-A-2D-Game-In-Unreal-Engine/Snake2D/Saved/Autosaves/Game/Blueprints/BP_MainGame_Auto2.uasset'
[2020.07.17-09.07.53:606][935]LogFileHelpers: Auto-saving content packages took 0.134
[2020.07.17-09.09.03:572][479]BlueprintLog: New page: Compile BP_MainGame
[2020.07.17-09.09.03:683][479]LogUObjectHash: Compacting FUObjectHashTables data took   4.22ms
[2020.07.17-09.09.04:738][492]Cmd: OBJ SAVEPACKAGE PACKAGE="/Game/Blueprints/BP_MainGame" FILE="E:/AwesomeTuts/Unreal-Engine-Tutorial---Create-A-2D-Game-In-Unreal-Engine/Snake2D/Content/Blueprints/BP_MainGame.uasset" SILENT=true
[2020.07.17-09.09.04:850][492]LogSavePackage: Moving 'E:/AwesomeTuts/Unreal-Engine-Tutorial---Create-A-2D-Game-In-Unreal-Engine/Snake2D/Saved/BP_MainGame65583D7E4274BEFFB6EF5B936C7F7EB1.tmp' to 'E:/AwesomeTuts/Unreal-Engine-Tutorial---Create-A-2D-Game-In-Unreal-Engine/Snake2D/Content/Blueprints/BP_MainGame.uasset'
[2020.07.17-09.09.04:875][492]AssetCheck: New page: Asset Save: BP_MainGame
[2020.07.17-09.09.04:875][492]LogContentValidation: Display: Validating Blueprint /Game/Blueprints/BP_MainGame.BP_MainGame
[2020.07.17-09.10.30:823][188]BlueprintLog: New page: Compile BP_MainGame
[2020.07.17-09.10.30:958][188]LogUObjectHash: Compacting FUObjectHashTables data took   4.24ms
[2020.07.17-09.10.31:919][199]Cmd: OBJ SAVEPACKAGE PACKAGE="/Game/Blueprints/BP_MainGame" FILE="E:/AwesomeTuts/Unreal-Engine-Tutorial---Create-A-2D-Game-In-Unreal-Engine/Snake2D/Content/Blueprints/BP_MainGame.uasset" SILENT=true
[2020.07.17-09.10.32:032][199]LogSavePackage: Moving 'E:/AwesomeTuts/Unreal-Engine-Tutorial---Create-A-2D-Game-In-Unreal-Engine/Snake2D/Saved/BP_MainGame926DB4284E6A972ED40652B1E414260D.tmp' to 'E:/AwesomeTuts/Unreal-Engine-Tutorial---Create-A-2D-Game-In-Unreal-Engine/Snake2D/Content/Blueprints/BP_MainGame.uasset'
[2020.07.17-09.10.32:055][199]AssetCheck: New page: Asset Save: BP_MainGame
[2020.07.17-09.10.32:055][199]LogContentValidation: Display: Validating Blueprint /Game/Blueprints/BP_MainGame.BP_MainGame
[2020.07.17-09.10.48:979][475]LogUObjectHash: Compacting FUObjectHashTables data took   3.96ms
[2020.07.17-09.10.48:997][475]Cmd: OBJ SAVEPACKAGE PACKAGE="/Game/Blueprints/BP_MainGame" FILE="E:/AwesomeTuts/Unreal-Engine-Tutorial---Create-A-2D-Game-In-Unreal-Engine/Snake2D/Content/Blueprints/BP_MainGame.uasset" SILENT=true
[2020.07.17-09.10.49:111][475]LogSavePackage: Moving 'E:/AwesomeTuts/Unreal-Engine-Tutorial---Create-A-2D-Game-In-Unreal-Engine/Snake2D/Saved/BP_MainGameE83D04414A33C3A9009481A587D6FC66.tmp' to 'E:/AwesomeTuts/Unreal-Engine-Tutorial---Create-A-2D-Game-In-Unreal-Engine/Snake2D/Content/Blueprints/BP_MainGame.uasset'
[2020.07.17-09.10.49:148][475]AssetCheck: New page: Asset Save: BP_MainGame
[2020.07.17-09.10.49:148][475]LogContentValidation: Display: Validating Blueprint /Game/Blueprints/BP_MainGame.BP_MainGame
[2020.07.17-09.12.56:973][ 59]BlueprintLog: New page: Compile BP_MainGame
[2020.07.17-09.12.57:109][ 59]LogUObjectHash: Compacting FUObjectHashTables data took   4.62ms
[2020.07.17-09.12.58:081][ 71]Cmd: OBJ SAVEPACKAGE PACKAGE="/Game/Blueprints/BP_MainGame" FILE="E:/AwesomeTuts/Unreal-Engine-Tutorial---Create-A-2D-Game-In-Unreal-Engine/Snake2D/Content/Blueprints/BP_MainGame.uasset" SILENT=true
[2020.07.17-09.12.58:201][ 71]LogSavePackage: Moving 'E:/AwesomeTuts/Unreal-Engine-Tutorial---Create-A-2D-Game-In-Unreal-Engine/Snake2D/Saved/BP_MainGame625670EC4E0F624A4203E5A59502E7F6.tmp' to 'E:/AwesomeTuts/Unreal-Engine-Tutorial---Create-A-2D-Game-In-Unreal-Engine/Snake2D/Content/Blueprints/BP_MainGame.uasset'
[2020.07.17-09.12.58:223][ 71]AssetCheck: New page: Asset Save: BP_MainGame
[2020.07.17-09.12.58:223][ 71]LogContentValidation: Display: Validating Blueprint /Game/Blueprints/BP_MainGame.BP_MainGame
[2020.07.17-09.13.20:900][305]BlueprintLog: New page: Compile BP_MainGame
[2020.07.17-09.13.21:012][305]LogUObjectHash: Compacting FUObjectHashTables data took   4.04ms
[2020.07.17-09.13.21:585][311]Cmd: OBJ SAVEPACKAGE PACKAGE="/Game/Blueprints/BP_MainGame" FILE="E:/AwesomeTuts/Unreal-Engine-Tutorial---Create-A-2D-Game-In-Unreal-Engine/Snake2D/Content/Blueprints/BP_MainGame.uasset" SILENT=true
[2020.07.17-09.13.21:702][311]LogSavePackage: Moving 'E:/AwesomeTuts/Unreal-Engine-Tutorial---Create-A-2D-Game-In-Unreal-Engine/Snake2D/Saved/BP_MainGameBF39D3FC4BD92D200604F9B228FC1342.tmp' to 'E:/AwesomeTuts/Unreal-Engine-Tutorial---Create-A-2D-Game-In-Unreal-Engine/Snake2D/Content/Blueprints/BP_MainGame.uasset'
[2020.07.17-09.13.21:725][311]AssetCheck: New page: Asset Save: BP_MainGame
[2020.07.17-09.13.21:725][311]LogContentValidation: Display: Validating Blueprint /Game/Blueprints/BP_MainGame.BP_MainGame
[2020.07.17-09.13.23:608][352]LogUObjectHash: Compacting FUObjectHashTables data took   3.92ms
[2020.07.17-09.13.36:390][538]BlueprintLog: New page: Compile BP_MainGame
[2020.07.17-09.13.36:509][538]LogUObjectHash: Compacting FUObjectHashTables data took   4.29ms
[2020.07.17-09.13.37:564][550]Cmd: OBJ SAVEPACKAGE PACKAGE="/Game/Blueprints/BP_MainGame" FILE="E:/AwesomeTuts/Unreal-Engine-Tutorial---Create-A-2D-Game-In-Unreal-Engine/Snake2D/Content/Blueprints/BP_MainGame.uasset" SILENT=true
[2020.07.17-09.13.37:680][550]LogSavePackage: Moving 'E:/AwesomeTuts/Unreal-Engine-Tutorial---Create-A-2D-Game-In-Unreal-Engine/Snake2D/Saved/BP_MainGameD9264F9B45D829E65D4527B80FE0CF07.tmp' to 'E:/AwesomeTuts/Unreal-Engine-Tutorial---Create-A-2D-Game-In-Unreal-Engine/Snake2D/Content/Blueprints/BP_MainGame.uasset'
[2020.07.17-09.13.37:707][550]AssetCheck: New page: Asset Save: BP_MainGame
[2020.07.17-09.13.37:707][550]LogContentValidation: Display: Validating Blueprint /Game/Blueprints/BP_MainGame.BP_MainGame
[2020.07.17-09.14.13:389][154]BlueprintLog: New page: Compile BP_MainGame
[2020.07.17-09.14.13:521][154]LogUObjectHash: Compacting FUObjectHashTables data took   4.92ms
[2020.07.17-09.14.14:338][163]Cmd: OBJ SAVEPACKAGE PACKAGE="/Game/Blueprints/BP_MainGame" FILE="E:/AwesomeTuts/Unreal-Engine-Tutorial---Create-A-2D-Game-In-Unreal-Engine/Snake2D/Content/Blueprints/BP_MainGame.uasset" SILENT=true
[2020.07.17-09.14.14:455][163]LogSavePackage: Moving 'E:/AwesomeTuts/Unreal-Engine-Tutorial---Create-A-2D-Game-In-Unreal-Engine/Snake2D/Saved/BP_MainGameC6C797144D468C02B60797A8A0943BDE.tmp' to 'E:/AwesomeTuts/Unreal-Engine-Tutorial---Create-A-2D-Game-In-Unreal-Engine/Snake2D/Content/Blueprints/BP_MainGame.uasset'
[2020.07.17-09.14.14:480][163]AssetCheck: New page: Asset Save: BP_MainGame
[2020.07.17-09.14.14:480][163]LogContentValidation: Display: Validating Blueprint /Game/Blueprints/BP_MainGame.BP_MainGame
[2020.07.17-09.14.26:567][327]BlueprintLog: New page: Compile BP_MainGame
[2020.07.17-09.14.26:683][327]LogUObjectHash: Compacting FUObjectHashTables data took   4.97ms
[2020.07.17-09.14.27:673][338]Cmd: OBJ SAVEPACKAGE PACKAGE="/Game/Blueprints/BP_MainGame" FILE="E:/AwesomeTuts/Unreal-Engine-Tutorial---Create-A-2D-Game-In-Unreal-Engine/Snake2D/Content/Blueprints/BP_MainGame.uasset" SILENT=true
[2020.07.17-09.14.27:791][338]LogSavePackage: Moving 'E:/AwesomeTuts/Unreal-Engine-Tutorial---Create-A-2D-Game-In-Unreal-Engine/Snake2D/Saved/BP_MainGameC10334EC4C9355F2B357588452193CC0.tmp' to 'E:/AwesomeTuts/Unreal-Engine-Tutorial---Create-A-2D-Game-In-Unreal-Engine/Snake2D/Content/Blueprints/BP_MainGame.uasset'
[2020.07.17-09.14.27:813][338]AssetCheck: New page: Asset Save: BP_MainGame
[2020.07.17-09.14.27:813][338]LogContentValidation: Display: Validating Blueprint /Game/Blueprints/BP_MainGame.BP_MainGame
[2020.07.17-09.16.55:038][922]BlueprintLog: New page: Compile BP_MainGame
[2020.07.17-09.16.55:167][922]LogUObjectHash: Compacting FUObjectHashTables data took   4.16ms
[2020.07.17-09.16.56:119][933]Cmd: OBJ SAVEPACKAGE PACKAGE="/Game/Blueprints/BP_MainGame" FILE="E:/AwesomeTuts/Unreal-Engine-Tutorial---Create-A-2D-Game-In-Unreal-Engine/Snake2D/Content/Blueprints/BP_MainGame.uasset" SILENT=true
[2020.07.17-09.16.56:245][933]LogSavePackage: Moving 'E:/AwesomeTuts/Unreal-Engine-Tutorial---Create-A-2D-Game-In-Unreal-Engine/Snake2D/Saved/BP_MainGame5F9C02E5496422347EBB7B8238DC885A.tmp' to 'E:/AwesomeTuts/Unreal-Engine-Tutorial---Create-A-2D-Game-In-Unreal-Engine/Snake2D/Content/Blueprints/BP_MainGame.uasset'
[2020.07.17-09.16.56:268][933]AssetCheck: New page: Asset Save: BP_MainGame
[2020.07.17-09.16.56:268][933]LogContentValidation: Display: Validating Blueprint /Game/Blueprints/BP_MainGame.BP_MainGame
[2020.07.17-09.17.00:026][996]LogUObjectHash: Compacting FUObjectHashTables data took   4.16ms
